29-Oct-22 12:44:25 - Generating istances .... 

29-Oct-22 12:44:25 - CLUSTER: cluster_small
29-Oct-22 12:44:25 - CLUSTER: cluster_medium_A
29-Oct-22 12:44:25 - CLUSTER: cluster_medium_B
29-Oct-22 12:44:25 - CLUSTER: cluster_large
29-Oct-22 12:44:25 - .....Done.
29-Oct-22 12:44:25 - 
---------------------------------------------------
29-Oct-22 12:44:25 - Solving cluster :cluster_small
29-Oct-22 12:44:25 - 
---------------------------------------------------
29-Oct-22 12:44:25 - Solving problem instance named inst_0.txt;

29-Oct-22 12:44:25 - This instance has 9 variables and 4 constraints
29-Oct-22 12:44:25 - ...Checking input coherency
29-Oct-22 12:44:25 - ... Done.
29-Oct-22 12:44:25 - This instance has 9 variables and 4 constraints
29-Oct-22 12:44:25 - 
						*** OPTIMAL PLI SOLUTION ***
29-Oct-22 12:44:25 - 	-> Solution status = MIP_optimal
29-Oct-22 12:44:25 - 	-> Solution value  = 135.000000

29-Oct-22 12:44:25 - SLACKS SITUATION:
29-Oct-22 12:44:25 - -> Row 0:  Slack = 349.0
29-Oct-22 12:44:25 - -> Row 1:  Slack = 128.0
29-Oct-22 12:44:25 - -> Row 2:  Slack = 6.0
29-Oct-22 12:44:25 - -> Row 3:  Slack = 650.0
29-Oct-22 12:44:25 - 
					 PROBLEM VARIABLES:
29-Oct-22 12:44:25 - -> Column 0 (variable x0):  Value = 0.0
29-Oct-22 12:44:25 - -> Column 1 (variable x1):  Value = 0.0
29-Oct-22 12:44:25 - -> Column 2 (variable x2):  Value = 0.0
29-Oct-22 12:44:25 - -> Column 3 (variable x3):  Value = 0.0
29-Oct-22 12:44:25 - -> Column 4 (variable x4):  Value = 1.0
29-Oct-22 12:44:25 - -> Column 5 (variable x5):  Value = 0.0
29-Oct-22 12:44:25 - -> Column 6 (variable x6):  Value = 1.0
29-Oct-22 12:44:25 - -> Column 7 (variable x7):  Value = 1.0
29-Oct-22 12:44:25 - -> Column 8 (variable x8):  Value = 0.0
29-Oct-22 12:44:25 - 
						*** RELAXED PL SOLUTION (UPPER BOUND) ***
29-Oct-22 12:44:25 - 	-> Solution status = optimal
29-Oct-22 12:44:25 - 	-> Solution value  = 151.764706

29-Oct-22 12:44:25 - SLACKS SITUATION:
29-Oct-22 12:44:25 - -> Row 0:  Slack = 291.059
29-Oct-22 12:44:25 - -> Row 1:  Slack = 73.373
29-Oct-22 12:44:25 - -> Row 2:  Slack = 0.0
29-Oct-22 12:44:25 - -> Row 3:  Slack = 648.471
29-Oct-22 12:44:25 - 
					 PROBLEM VARIABLES:
29-Oct-22 12:44:25 - -> Column 0 (variable x0):  Value = 0.0
29-Oct-22 12:44:25 - -> Column 1 (variable x1):  Value = 0.0
29-Oct-22 12:44:25 - -> Column 2 (variable x2):  Value = 0.0
29-Oct-22 12:44:25 - -> Column 3 (variable x3):  Value = 1.0
29-Oct-22 12:44:25 - -> Column 4 (variable x4):  Value = 0.98
29-Oct-22 12:44:25 - -> Column 5 (variable x5):  Value = 0.0
29-Oct-22 12:44:25 - -> Column 6 (variable x6):  Value = 0.0
29-Oct-22 12:44:25 - -> Column 7 (variable x7):  Value = 1.0
29-Oct-22 12:44:25 - -> Column 8 (variable x8):  Value = 0.0
29-Oct-22 12:44:25 - -> Column 9 (variable s0):  Value = 0.0
29-Oct-22 12:44:25 - -> Column 10 (variable s1):  Value = 0.0
29-Oct-22 12:44:25 - -> Column 11 (variable s2):  Value = 0.0
29-Oct-22 12:44:25 - -> Column 12 (variable s3):  Value = 0.0
29-Oct-22 12:44:25 - Elapsed time: 0.000000 
29-Oct-22 12:44:25 - 
					 LP relaxation final tableau:

29-Oct-22 12:44:25 - -1245/17 x0 +325/17 x1 -1647/17 x2 +312/17 x3 -1152/17 x5 -565/17 x6 +8/17 x7 -198/17 x8 +s0 -18/17 s2 = 5268/17

29-Oct-22 12:44:25 - -31/17 x0 +585/17 x1 -472/51 x2 +1109/17 x3 +3085/51 x5 +655/51 x6 +1116/17 x7 +803/17 x8 +s1 -19/51 s2 = 10417/51

29-Oct-22 12:44:25 - +24/17 x0 +5/17 x1 +100/51 x2 +15/17 x3 +x4 +98/51 x5 +38/51 x6 +3/17 x7 +32/17 x8 +1/51 s2 = 104/51

29-Oct-22 12:44:25 - -491/17 x0 +1019/17 x1 -2381/17 x2 +133/17 x3 -1192/17 x5 +257/17 x6 -157/17 x7 -1924/17 x8 -25/17 s2 +s3 = 11000/17

29-Oct-22 12:44:25 - Cuts to generate: 4
29-Oct-22 12:44:25 - Generating Gomory cuts...

29-Oct-22 12:44:25 - Row 1 gives cut -> +13/17 x0 +2/17 x1 +2/17 x2 +6/17 x3 +4/17 x5 +13/17 x6 +8/17 x7 +6/17 x8 +16/17 s2 >= 15/17

29-Oct-22 12:44:25 - Row 2 gives cut -> +3/17 x0 +7/17 x1 +38/51 x2 +4/17 x3 +25/51 x5 +43/51 x6 +11/17 x7 +4/17 x8 +32/51 s2 >= 13/51

29-Oct-22 12:44:25 - Row 3 gives cut -> +7/17 x0 +5/17 x1 +49/51 x2 +15/17 x3 +47/51 x5 +38/51 x6 +3/17 x7 +15/17 x8 +1/51 s2 >= 2/51

29-Oct-22 12:44:25 - Row 4 gives cut -> +2/17 x0 +16/17 x1 +16/17 x2 +14/17 x3 +15/17 x5 +2/17 x6 +13/17 x7 +14/17 x8 +9/17 s2 >= 1/17

29-Oct-22 12:44:25 - *** GOMORY CUTS ***

29-Oct-22 12:44:25 - +67.0 x0 +14.0 x1 +94.0 x2 +42.0 x3 +48.0 x4 +92.0 x5 +35.0 x6 +8.0 x7 +90.0 x8 <= 97.0

29-Oct-22 12:44:25 - +45.0 x0 +8.999999999999998 x1 +62.0 x2 +28.0 x3 +32.0 x4 +61.0 x5 +23.0 x6 +5.000000000000005 x7 +60.0 x8 <= 65.0

29-Oct-22 12:44:25 - +1.0 x0 -0.0 x1 +1.0 x2 -0.0 x3 +1.0 x4 +1.0 x5 -0.0 x6 -0.0 x7 +1.0 x8 <= 2.0

29-Oct-22 12:44:25 - +38.0 x0 +7.000000000000005 x1 +51.999999999999986 x2 +23.0 x3 +27.000000000000007 x4 +50.99999999999999 x5 +19.999999999999996 x6 +4.0 x7 +49.99999999999999 x8 <= 55.000000000000064

29-Oct-22 12:44:25 - 
					 Resolution of the problem called 'cluster_small': 1 Gomory cuts applied.
29-Oct-22 12:44:25 - 	-> Solution status = optimal
29-Oct-22 12:44:25 - 	-> Solution value  = 151.687500

29-Oct-22 12:44:25 - SLACKS SITUATION:
29-Oct-22 12:44:25 - -> Row 0:  Slack = 291.125
29-Oct-22 12:44:25 - -> Row 1:  Slack = 73.396
29-Oct-22 12:44:25 - -> Row 2:  Slack = 0.062
29-Oct-22 12:44:25 - -> Row 3:  Slack = 648.562
29-Oct-22 12:44:25 - -> Row 4:  Slack = 0.0
29-Oct-22 12:44:25 - 
					 PROBLEM VARIABLES:
29-Oct-22 12:44:25 - -> Column 0 (variable x0):  Value = 0.0
29-Oct-22 12:44:25 - -> Column 1 (variable x1):  Value = 0.0
29-Oct-22 12:44:25 - -> Column 2 (variable x2):  Value = 0.0
29-Oct-22 12:44:25 - -> Column 3 (variable x3):  Value = 1.0
29-Oct-22 12:44:25 - -> Column 4 (variable x4):  Value = 0.979
29-Oct-22 12:44:25 - -> Column 5 (variable x5):  Value = 0.0
29-Oct-22 12:44:25 - -> Column 6 (variable x6):  Value = 0.0
29-Oct-22 12:44:25 - -> Column 7 (variable x7):  Value = 1.0
29-Oct-22 12:44:25 - -> Column 8 (variable x8):  Value = 0.0
29-Oct-22 12:44:25 - -> Column 9 (variable s0):  Value = 0.0
29-Oct-22 12:44:25 - -> Column 10 (variable s1):  Value = 0.0
29-Oct-22 12:44:25 - -> Column 11 (variable s2):  Value = 0.0
29-Oct-22 12:44:25 - -> Column 12 (variable s3):  Value = 0.0
29-Oct-22 12:44:25 - Elapsed time: 0.000000 
29-Oct-22 12:44:25 - 
					 Resolution of the problem called 'cluster_small': 2 Gomory cuts applied.
29-Oct-22 12:44:25 - 	-> Solution status = optimal
29-Oct-22 12:44:25 - 	-> Solution value  = 151.687500

29-Oct-22 12:44:25 - SLACKS SITUATION:
29-Oct-22 12:44:25 - -> Row 0:  Slack = 291.125
29-Oct-22 12:44:25 - -> Row 1:  Slack = 73.396
29-Oct-22 12:44:25 - -> Row 2:  Slack = 0.062
29-Oct-22 12:44:25 - -> Row 3:  Slack = 648.562
29-Oct-22 12:44:25 - -> Row 4:  Slack = 0.0
29-Oct-22 12:44:25 - -> Row 5:  Slack = 0.667
29-Oct-22 12:44:25 - 
					 PROBLEM VARIABLES:
29-Oct-22 12:44:25 - -> Column 0 (variable x0):  Value = 0.0
29-Oct-22 12:44:25 - -> Column 1 (variable x1):  Value = 0.0
29-Oct-22 12:44:25 - -> Column 2 (variable x2):  Value = 0.0
29-Oct-22 12:44:25 - -> Column 3 (variable x3):  Value = 1.0
29-Oct-22 12:44:25 - -> Column 4 (variable x4):  Value = 0.979
29-Oct-22 12:44:25 - -> Column 5 (variable x5):  Value = 0.0
29-Oct-22 12:44:25 - -> Column 6 (variable x6):  Value = 0.0
29-Oct-22 12:44:25 - -> Column 7 (variable x7):  Value = 1.0
29-Oct-22 12:44:25 - -> Column 8 (variable x8):  Value = 0.0
29-Oct-22 12:44:25 - -> Column 9 (variable s0):  Value = 0.0
29-Oct-22 12:44:25 - -> Column 10 (variable s1):  Value = 0.0
29-Oct-22 12:44:25 - -> Column 11 (variable s2):  Value = 0.0
29-Oct-22 12:44:25 - -> Column 12 (variable s3):  Value = 0.0
29-Oct-22 12:44:25 - Elapsed time: 0.016000 
29-Oct-22 12:44:25 - 
					 Resolution of the problem called 'cluster_small': 3 Gomory cuts applied.
29-Oct-22 12:44:25 - 	-> Solution status = optimal
29-Oct-22 12:44:25 - 	-> Solution value  = 151.687500

29-Oct-22 12:44:25 - SLACKS SITUATION:
29-Oct-22 12:44:25 - -> Row 0:  Slack = 291.125
29-Oct-22 12:44:25 - -> Row 1:  Slack = 73.396
29-Oct-22 12:44:25 - -> Row 2:  Slack = 0.062
29-Oct-22 12:44:25 - -> Row 3:  Slack = 648.562
29-Oct-22 12:44:25 - -> Row 4:  Slack = 0.0
29-Oct-22 12:44:25 - -> Row 5:  Slack = 0.667
29-Oct-22 12:44:25 - -> Row 6:  Slack = 1.021
29-Oct-22 12:44:25 - 
					 PROBLEM VARIABLES:
29-Oct-22 12:44:25 - -> Column 0 (variable x0):  Value = 0.0
29-Oct-22 12:44:25 - -> Column 1 (variable x1):  Value = 0.0
29-Oct-22 12:44:25 - -> Column 2 (variable x2):  Value = 0.0
29-Oct-22 12:44:25 - -> Column 3 (variable x3):  Value = 1.0
29-Oct-22 12:44:25 - -> Column 4 (variable x4):  Value = 0.979
29-Oct-22 12:44:25 - -> Column 5 (variable x5):  Value = 0.0
29-Oct-22 12:44:25 - -> Column 6 (variable x6):  Value = 0.0
29-Oct-22 12:44:25 - -> Column 7 (variable x7):  Value = 1.0
29-Oct-22 12:44:25 - -> Column 8 (variable x8):  Value = 0.0
29-Oct-22 12:44:25 - -> Column 9 (variable s0):  Value = 0.0
29-Oct-22 12:44:25 - -> Column 10 (variable s1):  Value = 0.0
29-Oct-22 12:44:25 - -> Column 11 (variable s2):  Value = 0.0
29-Oct-22 12:44:25 - -> Column 12 (variable s3):  Value = 0.0
29-Oct-22 12:44:25 - Elapsed time: 0.000000 
29-Oct-22 12:44:25 - 
					 Resolution of the problem called 'cluster_small': 4 Gomory cuts applied.
29-Oct-22 12:44:25 - 	-> Solution status = optimal
29-Oct-22 12:44:25 - 	-> Solution value  = 151.687500

29-Oct-22 12:44:25 - SLACKS SITUATION:
29-Oct-22 12:44:25 - -> Row 0:  Slack = 291.125
29-Oct-22 12:44:25 - -> Row 1:  Slack = 73.396
29-Oct-22 12:44:25 - -> Row 2:  Slack = 0.062
29-Oct-22 12:44:25 - -> Row 3:  Slack = 648.562
29-Oct-22 12:44:25 - -> Row 4:  Slack = 0.0
29-Oct-22 12:44:25 - -> Row 5:  Slack = 0.667
29-Oct-22 12:44:25 - -> Row 6:  Slack = 1.021
29-Oct-22 12:44:25 - -> Row 7:  Slack = 1.563
29-Oct-22 12:44:25 - 
					 PROBLEM VARIABLES:
29-Oct-22 12:44:25 - -> Column 0 (variable x0):  Value = 0.0
29-Oct-22 12:44:25 - -> Column 1 (variable x1):  Value = 0.0
29-Oct-22 12:44:25 - -> Column 2 (variable x2):  Value = 0.0
29-Oct-22 12:44:25 - -> Column 3 (variable x3):  Value = 1.0
29-Oct-22 12:44:25 - -> Column 4 (variable x4):  Value = 0.979
29-Oct-22 12:44:25 - -> Column 5 (variable x5):  Value = 0.0
29-Oct-22 12:44:25 - -> Column 6 (variable x6):  Value = 0.0
29-Oct-22 12:44:25 - -> Column 7 (variable x7):  Value = 1.0
29-Oct-22 12:44:25 - -> Column 8 (variable x8):  Value = 0.0
29-Oct-22 12:44:25 - -> Column 9 (variable s0):  Value = 0.0
29-Oct-22 12:44:25 - -> Column 10 (variable s1):  Value = 0.0
29-Oct-22 12:44:25 - -> Column 11 (variable s2):  Value = 0.0
29-Oct-22 12:44:25 - -> Column 12 (variable s3):  Value = 0.0
29-Oct-22 12:44:25 - Elapsed time: 0.000000 
29-Oct-22 12:44:25 - 
---------------------------------------------------
29-Oct-22 12:44:25 - Solving problem instance named inst_1.txt;

29-Oct-22 12:44:25 - This instance has 5 variables and 4 constraints
29-Oct-22 12:44:25 - ...Checking input coherency
29-Oct-22 12:44:25 - ... Done.
29-Oct-22 12:44:25 - This instance has 5 variables and 4 constraints
29-Oct-22 12:44:25 - 
						*** OPTIMAL PLI SOLUTION ***
29-Oct-22 12:44:25 - 	-> Solution status = MIP_optimal
29-Oct-22 12:44:25 - 	-> Solution value  = 167.000000

29-Oct-22 12:44:25 - SLACKS SITUATION:
29-Oct-22 12:44:25 - -> Row 0:  Slack = 148.0
29-Oct-22 12:44:25 - -> Row 1:  Slack = 108.0
29-Oct-22 12:44:25 - -> Row 2:  Slack = 392.0
29-Oct-22 12:44:25 - -> Row 3:  Slack = 38.0
29-Oct-22 12:44:25 - 
					 PROBLEM VARIABLES:
29-Oct-22 12:44:25 - -> Column 0 (variable x0):  Value = 0.0
29-Oct-22 12:44:25 - -> Column 1 (variable x1):  Value = 1.0
29-Oct-22 12:44:25 - -> Column 2 (variable x2):  Value = 0.0
29-Oct-22 12:44:25 - -> Column 3 (variable x3):  Value = 1.0
29-Oct-22 12:44:25 - -> Column 4 (variable x4):  Value = 0.0
29-Oct-22 12:44:25 - 
						*** RELAXED PL SOLUTION (UPPER BOUND) ***
29-Oct-22 12:44:25 - 	-> Solution status = optimal
29-Oct-22 12:44:25 - 	-> Solution value  = 199.103448

29-Oct-22 12:44:25 - SLACKS SITUATION:
29-Oct-22 12:44:25 - -> Row 0:  Slack = 138.172
29-Oct-22 12:44:25 - -> Row 1:  Slack = 89.655
29-Oct-22 12:44:25 - -> Row 2:  Slack = 349.414
29-Oct-22 12:44:25 - -> Row 3:  Slack = 0.0
29-Oct-22 12:44:25 - 
					 PROBLEM VARIABLES:
29-Oct-22 12:44:25 - -> Column 0 (variable x0):  Value = 0.655
29-Oct-22 12:44:25 - -> Column 1 (variable x1):  Value = 1.0
29-Oct-22 12:44:25 - -> Column 2 (variable x2):  Value = 0.0
29-Oct-22 12:44:25 - -> Column 3 (variable x3):  Value = 1.0
29-Oct-22 12:44:25 - -> Column 4 (variable x4):  Value = 0.0
29-Oct-22 12:44:25 - -> Column 5 (variable s0):  Value = 0.0
29-Oct-22 12:44:25 - -> Column 6 (variable s1):  Value = 0.0
29-Oct-22 12:44:25 - -> Column 7 (variable s2):  Value = 0.0
29-Oct-22 12:44:25 - -> Column 8 (variable s3):  Value = 0.0
29-Oct-22 12:44:25 - Elapsed time: 0.000000 
29-Oct-22 12:44:25 - 
					 LP relaxation final tableau:

29-Oct-22 12:44:25 - +993/58 x1 +3739/58 x2 +1813/29 x3 +3621/58 x4 +s0 -15/58 s3 = 12633/58

29-Oct-22 12:44:25 - +341/29 x1 +1278/29 x2 +1159/29 x3 -1185/29 x4 +s1 -14/29 s3 = 4100/29

29-Oct-22 12:44:25 - -1149/58 x1 -4639/58 x2 -1066/29 x3 -2753/58 x4 +s2 -65/58 s3 = 16985/58

29-Oct-22 12:44:25 - +x0 +73/58 x1 +91/58 x2 +28/29 x3 +95/58 x4 +1/58 s3 = 167/58

29-Oct-22 12:44:25 - Cuts to generate: 4
29-Oct-22 12:44:25 - Generating Gomory cuts...

29-Oct-22 12:44:25 - Row 1 gives cut -> +7/58 x1 +27/58 x2 +15/29 x3 +25/58 x4 +43/58 s3 >= 47/58

29-Oct-22 12:44:25 - Row 2 gives cut -> +22/29 x1 +2/29 x2 +28/29 x3 +4/29 x4 +15/29 s3 >= 11/29

29-Oct-22 12:44:25 - Row 3 gives cut -> +11/58 x1 +1/58 x2 +7/29 x3 +31/58 x4 +51/58 s3 >= 49/58

29-Oct-22 12:44:25 - Row 4 gives cut -> +15/58 x1 +33/58 x2 +28/29 x3 +37/58 x4 +1/58 s3 >= 51/58

29-Oct-22 12:44:25 - *** GOMORY CUTS ***

29-Oct-22 12:44:25 - +43.0 x0 +54.00000000000001 x1 +67.00000000000001 x2 +41.00000000000001 x3 +70.0 x4 <= 122.99999999999999

29-Oct-22 12:44:25 - +30.000000000000004 x0 +37.0 x1 +47.0 x2 +27.999999999999996 x3 +49.0 x4 <= 86.0

29-Oct-22 12:44:25 - +51.00000000000001 x0 +64.0 x1 +80.0 x2 +49.0 x3 +83.0 x4 <= 146.0

29-Oct-22 12:44:25 - +1.0 x0 +1.0 x1 +1.0 x2 -0.0 x3 +1.0 x4 <= 2.0

29-Oct-22 12:44:25 - 
					 Resolution of the problem called 'cluster_small': 1 Gomory cuts applied.
29-Oct-22 12:44:25 - 	-> Solution status = optimal
29-Oct-22 12:44:25 - 	-> Solution value  = 198.906977

29-Oct-22 12:44:25 - SLACKS SITUATION:
29-Oct-22 12:44:25 - -> Row 0:  Slack = 138.233
29-Oct-22 12:44:25 - -> Row 1:  Slack = 89.767
29-Oct-22 12:44:25 - -> Row 2:  Slack = 349.674
29-Oct-22 12:44:25 - -> Row 3:  Slack = 0.0
29-Oct-22 12:44:25 - -> Row 4:  Slack = 0.0
29-Oct-22 12:44:25 - 
					 PROBLEM VARIABLES:
29-Oct-22 12:44:25 - -> Column 0 (variable x0):  Value = 0.651
29-Oct-22 12:44:25 - -> Column 1 (variable x1):  Value = 1.0
29-Oct-22 12:44:25 - -> Column 2 (variable x2):  Value = 0.0
29-Oct-22 12:44:25 - -> Column 3 (variable x3):  Value = 1.0
29-Oct-22 12:44:25 - -> Column 4 (variable x4):  Value = 0.0
29-Oct-22 12:44:25 - -> Column 5 (variable s0):  Value = 0.0
29-Oct-22 12:44:25 - -> Column 6 (variable s1):  Value = 0.0
29-Oct-22 12:44:25 - -> Column 7 (variable s2):  Value = 0.0
29-Oct-22 12:44:25 - -> Column 8 (variable s3):  Value = 0.233
29-Oct-22 12:44:25 - Elapsed time: 0.015000 
29-Oct-22 12:44:25 - 
					 Resolution of the problem called 'cluster_small': 2 Gomory cuts applied.
29-Oct-22 12:44:25 - 	-> Solution status = optimal
29-Oct-22 12:44:25 - 	-> Solution value  = 198.906977

29-Oct-22 12:44:25 - SLACKS SITUATION:
29-Oct-22 12:44:25 - -> Row 0:  Slack = 138.233
29-Oct-22 12:44:25 - -> Row 1:  Slack = 89.767
29-Oct-22 12:44:25 - -> Row 2:  Slack = 349.674
29-Oct-22 12:44:25 - -> Row 3:  Slack = 0.0
29-Oct-22 12:44:25 - -> Row 4:  Slack = 0.0
29-Oct-22 12:44:25 - -> Row 5:  Slack = 1.465
29-Oct-22 12:44:25 - 
					 PROBLEM VARIABLES:
29-Oct-22 12:44:25 - -> Column 0 (variable x0):  Value = 0.651
29-Oct-22 12:44:25 - -> Column 1 (variable x1):  Value = 1.0
29-Oct-22 12:44:25 - -> Column 2 (variable x2):  Value = 0.0
29-Oct-22 12:44:25 - -> Column 3 (variable x3):  Value = 1.0
29-Oct-22 12:44:25 - -> Column 4 (variable x4):  Value = 0.0
29-Oct-22 12:44:25 - -> Column 5 (variable s0):  Value = 0.0
29-Oct-22 12:44:25 - -> Column 6 (variable s1):  Value = 0.0
29-Oct-22 12:44:25 - -> Column 7 (variable s2):  Value = 0.0
29-Oct-22 12:44:25 - -> Column 8 (variable s3):  Value = 0.233
29-Oct-22 12:44:25 - Elapsed time: 0.000000 
29-Oct-22 12:44:25 - 
					 Resolution of the problem called 'cluster_small': 3 Gomory cuts applied.
29-Oct-22 12:44:25 - 	-> Solution status = optimal
29-Oct-22 12:44:25 - 	-> Solution value  = 198.705882

29-Oct-22 12:44:25 - SLACKS SITUATION:
29-Oct-22 12:44:25 - -> Row 0:  Slack = 138.294
29-Oct-22 12:44:25 - -> Row 1:  Slack = 89.882
29-Oct-22 12:44:25 - -> Row 2:  Slack = 349.941
29-Oct-22 12:44:25 - -> Row 3:  Slack = 0.0
29-Oct-22 12:44:25 - -> Row 4:  Slack = 0.176
29-Oct-22 12:44:25 - -> Row 5:  Slack = 1.588
29-Oct-22 12:44:25 - -> Row 6:  Slack = 0.0
29-Oct-22 12:44:25 - 
					 PROBLEM VARIABLES:
29-Oct-22 12:44:25 - -> Column 0 (variable x0):  Value = 0.647
29-Oct-22 12:44:25 - -> Column 1 (variable x1):  Value = 1.0
29-Oct-22 12:44:25 - -> Column 2 (variable x2):  Value = 0.0
29-Oct-22 12:44:25 - -> Column 3 (variable x3):  Value = 1.0
29-Oct-22 12:44:25 - -> Column 4 (variable x4):  Value = 0.0
29-Oct-22 12:44:25 - -> Column 5 (variable s0):  Value = 0.0
29-Oct-22 12:44:25 - -> Column 6 (variable s1):  Value = 0.0
29-Oct-22 12:44:25 - -> Column 7 (variable s2):  Value = 0.0
29-Oct-22 12:44:25 - -> Column 8 (variable s3):  Value = 0.471
29-Oct-22 12:44:25 - Elapsed time: 0.000000 
29-Oct-22 12:44:25 - 
					 Resolution of the problem called 'cluster_small': 4 Gomory cuts applied.
29-Oct-22 12:44:25 - 	-> Solution status = optimal
29-Oct-22 12:44:25 - 	-> Solution value  = 198.705882

29-Oct-22 12:44:25 - SLACKS SITUATION:
29-Oct-22 12:44:25 - -> Row 0:  Slack = 138.294
29-Oct-22 12:44:25 - -> Row 1:  Slack = 89.882
29-Oct-22 12:44:25 - -> Row 2:  Slack = 349.941
29-Oct-22 12:44:25 - -> Row 3:  Slack = 0.0
29-Oct-22 12:44:25 - -> Row 4:  Slack = 0.176
29-Oct-22 12:44:25 - -> Row 5:  Slack = 1.588
29-Oct-22 12:44:25 - -> Row 6:  Slack = 0.0
29-Oct-22 12:44:25 - -> Row 7:  Slack = 0.353
29-Oct-22 12:44:25 - 
					 PROBLEM VARIABLES:
29-Oct-22 12:44:25 - -> Column 0 (variable x0):  Value = 0.647
29-Oct-22 12:44:25 - -> Column 1 (variable x1):  Value = 1.0
29-Oct-22 12:44:25 - -> Column 2 (variable x2):  Value = 0.0
29-Oct-22 12:44:25 - -> Column 3 (variable x3):  Value = 1.0
29-Oct-22 12:44:25 - -> Column 4 (variable x4):  Value = 0.0
29-Oct-22 12:44:25 - -> Column 5 (variable s0):  Value = 0.0
29-Oct-22 12:44:25 - -> Column 6 (variable s1):  Value = 0.0
29-Oct-22 12:44:25 - -> Column 7 (variable s2):  Value = 0.0
29-Oct-22 12:44:25 - -> Column 8 (variable s3):  Value = 0.471
29-Oct-22 12:44:25 - Elapsed time: 0.000000 
29-Oct-22 12:44:25 - 
---------------------------------------------------
29-Oct-22 12:44:25 - Solving problem instance named inst_10.txt;

29-Oct-22 12:44:25 - This instance has 12 variables and 15 constraints
29-Oct-22 12:44:25 - ...Checking input coherency
29-Oct-22 12:44:25 - ... Done.
29-Oct-22 12:44:25 - This instance has 12 variables and 15 constraints
29-Oct-22 12:44:25 - 
						*** OPTIMAL PLI SOLUTION ***
29-Oct-22 12:44:25 - 	-> Solution status = MIP_optimal
29-Oct-22 12:44:25 - 	-> Solution value  = 56.000000

29-Oct-22 12:44:25 - SLACKS SITUATION:
29-Oct-22 12:44:25 - -> Row 0:  Slack = 4.0
29-Oct-22 12:44:25 - -> Row 1:  Slack = 460.0
29-Oct-22 12:44:25 - -> Row 2:  Slack = 851.0
29-Oct-22 12:44:25 - -> Row 3:  Slack = 358.0
29-Oct-22 12:44:25 - -> Row 4:  Slack = 985.0
29-Oct-22 12:44:25 - -> Row 5:  Slack = 69.0
29-Oct-22 12:44:25 - -> Row 6:  Slack = 136.0
29-Oct-22 12:44:25 - -> Row 7:  Slack = 449.0
29-Oct-22 12:44:25 - -> Row 8:  Slack = 159.0
29-Oct-22 12:44:25 - -> Row 9:  Slack = 597.0
29-Oct-22 12:44:25 - -> Row 10:  Slack = 686.0
29-Oct-22 12:44:25 - -> Row 11:  Slack = 568.0
29-Oct-22 12:44:25 - -> Row 12:  Slack = 736.0
29-Oct-22 12:44:25 - -> Row 13:  Slack = 372.0
29-Oct-22 12:44:25 - -> Row 14:  Slack = 659.0
29-Oct-22 12:44:25 - 
					 PROBLEM VARIABLES:
29-Oct-22 12:44:25 - -> Column 0 (variable x0):  Value = 0.0
29-Oct-22 12:44:25 - -> Column 1 (variable x1):  Value = 0.0
29-Oct-22 12:44:25 - -> Column 2 (variable x2):  Value = 0.0
29-Oct-22 12:44:25 - -> Column 3 (variable x3):  Value = 1.0
29-Oct-22 12:44:25 - -> Column 4 (variable x4):  Value = 0.0
29-Oct-22 12:44:25 - -> Column 5 (variable x5):  Value = 0.0
29-Oct-22 12:44:25 - -> Column 6 (variable x6):  Value = 0.0
29-Oct-22 12:44:25 - -> Column 7 (variable x7):  Value = 0.0
29-Oct-22 12:44:25 - -> Column 8 (variable x8):  Value = 0.0
29-Oct-22 12:44:25 - -> Column 9 (variable x9):  Value = 0.0
29-Oct-22 12:44:25 - -> Column 10 (variable x10):  Value = 0.0
29-Oct-22 12:44:25 - -> Column 11 (variable x11):  Value = 0.0
29-Oct-22 12:44:25 - 
						*** RELAXED PL SOLUTION (UPPER BOUND) ***
29-Oct-22 12:44:25 - 	-> Solution status = optimal
29-Oct-22 12:44:25 - 	-> Solution value  = 77.662752

29-Oct-22 12:44:25 - SLACKS SITUATION:
29-Oct-22 12:44:25 - -> Row 0:  Slack = 0.0
29-Oct-22 12:44:25 - -> Row 1:  Slack = 424.787
29-Oct-22 12:44:25 - -> Row 2:  Slack = 817.263
29-Oct-22 12:44:25 - -> Row 3:  Slack = 321.839
29-Oct-22 12:44:25 - -> Row 4:  Slack = 927.383
29-Oct-22 12:44:25 - -> Row 5:  Slack = 0.0
29-Oct-22 12:44:25 - -> Row 6:  Slack = 70.816
29-Oct-22 12:44:25 - -> Row 7:  Slack = 385.174
29-Oct-22 12:44:25 - -> Row 8:  Slack = 117.448
29-Oct-22 12:44:25 - -> Row 9:  Slack = 584.779
29-Oct-22 12:44:25 - -> Row 10:  Slack = 678.465
29-Oct-22 12:44:25 - -> Row 11:  Slack = 551.737
29-Oct-22 12:44:25 - -> Row 12:  Slack = 703.97
29-Oct-22 12:44:25 - -> Row 13:  Slack = 320.741
29-Oct-22 12:44:25 - -> Row 14:  Slack = 673.865
29-Oct-22 12:44:25 - 
					 PROBLEM VARIABLES:
29-Oct-22 12:44:25 - -> Column 0 (variable x0):  Value = 0.0
29-Oct-22 12:44:25 - -> Column 1 (variable x1):  Value = 0.0
29-Oct-22 12:44:25 - -> Column 2 (variable x2):  Value = 0.0
29-Oct-22 12:44:25 - -> Column 3 (variable x3):  Value = 0.77
29-Oct-22 12:44:25 - -> Column 4 (variable x4):  Value = 0.0
29-Oct-22 12:44:25 - -> Column 5 (variable x5):  Value = 0.0
29-Oct-22 12:44:25 - -> Column 6 (variable x6):  Value = 0.0
29-Oct-22 12:44:25 - -> Column 7 (variable x7):  Value = 0.0
29-Oct-22 12:44:25 - -> Column 8 (variable x8):  Value = 0.804
29-Oct-22 12:44:25 - -> Column 9 (variable x9):  Value = 0.0
29-Oct-22 12:44:25 - -> Column 10 (variable x10):  Value = 0.0
29-Oct-22 12:44:25 - -> Column 11 (variable x11):  Value = 0.0
29-Oct-22 12:44:25 - -> Column 12 (variable s0):  Value = 0.0
29-Oct-22 12:44:25 - -> Column 13 (variable s1):  Value = 0.0
29-Oct-22 12:44:25 - -> Column 14 (variable s2):  Value = 0.0
29-Oct-22 12:44:25 - -> Column 15 (variable s3):  Value = 0.0
29-Oct-22 12:44:25 - -> Column 16 (variable s4):  Value = 0.0
29-Oct-22 12:44:25 - -> Column 17 (variable s5):  Value = 0.0
29-Oct-22 12:44:25 - -> Column 18 (variable s6):  Value = 0.0
29-Oct-22 12:44:25 - -> Column 19 (variable s7):  Value = 0.0
29-Oct-22 12:44:25 - -> Column 20 (variable s8):  Value = 0.0
29-Oct-22 12:44:25 - -> Column 21 (variable s9):  Value = 0.0
29-Oct-22 12:44:25 - -> Column 22 (variable s10):  Value = 0.0
29-Oct-22 12:44:25 - -> Column 23 (variable s11):  Value = 0.0
29-Oct-22 12:44:25 - -> Column 24 (variable s12):  Value = 0.0
29-Oct-22 12:44:25 - -> Column 25 (variable s13):  Value = 0.0
29-Oct-22 12:44:25 - -> Column 26 (variable s14):  Value = 0.0
29-Oct-22 12:44:25 - Elapsed time: 0.015000 
29-Oct-22 12:44:25 - 
					 LP relaxation final tableau:

29-Oct-22 12:44:25 - +7/298 x0 +635/596 x1 +191/596 x2 +285/298 x4 +177/596 x5 +571/596 x6 -16/149 x7 +x8 +495/596 x9 +237/298 x10 +581/596 x11 -1/596 s0 +7/596 s5 = 479/596

29-Oct-22 12:44:25 - -110627/1192 x0 +42485/2384 x1 -339687/2384 x2 -189485/1192 x4 -220349/2384 x5 -380555/2384 x6 -100545/596 x7 -82487/2384 x9 -138437/1192 x10 -304025/2384 x11 -4375/2384 s0 +s1 -963/2384 s5 = 1012693/2384

29-Oct-22 12:44:25 - -5325/298 x0 +18821/596 x1 -57727/596 x2 -12929/298 x4 -11317/596 x5 -27683/596 x6 -7156/149 x7 +28769/596 x9 -18603/298 x10 -41761/596 x11 -559/596 s0 +s2 -259/596 s5 = 487089/596

29-Oct-22 12:44:25 - +95327/1192 x0 +111183/2384 x1 +132859/2384 x2 -30207/1192 x4 +127561/2384 x5 +31791/2384 x6 +8909/596 x7 +136875/2384 x9 +12761/1192 x10 -61147/2384 x11 -421/2384 s0 +s3 -1225/2384 s5 = 767263/2384

29-Oct-22 12:44:25 - -47159/1192 x0 -190031/2384 x1 -89403/2384 x2 -138601/1192 x4 -25481/2384 x5 -176063/2384 x6 -27053/596 x7 +55829/2384 x9 -33361/1192 x10 -135557/2384 x11 -2203/2384 s0 +s4 -1863/2384 s5 = 2210881/2384

29-Oct-22 12:44:25 - +2371/1192 x0 +779/2384 x1 +7223/2384 x2 +x3 +2621/1192 x4 +4269/2384 x5 +6347/2384 x6 +2137/596 x7 -153/2384 x9 +2029/1192 x10 +6073/2384 x11 +87/2384 s0 -13/2384 s5 = 1835/2384

29-Oct-22 12:44:25 - -18735/1192 x0 -83095/2384 x1 -246659/2384 x2 -192921/1192 x4 -172833/2384 x5 -326279/2384 x6 -55581/596 x7 -172083/2384 x9 -79097/1192 x10 -336781/2384 x11 -3539/2384 s0 -2047/2384 s5 +s6 = 168825/2384

29-Oct-22 12:44:25 - -3993/149 x0 -6962/149 x1 -4678/149 x2 -6186/149 x4 -6943/149 x5 -9696/149 x6 +693/149 x7 +4509/149 x9 -8499/149 x10 -4268/149 x11 -66/149 s0 -134/149 s5 +s7 = 57391/149

29-Oct-22 12:44:25 - +82067/1192 x0 -101477/2384 x1 -53385/2384 x2 -57859/1192 x4 -94147/2384 x5 -163509/2384 x6 -23703/596 x7 +48759/2384 x9 -82331/1192 x10 -92503/2384 x11 -1081/2384 s0 -1373/2384 s5 +s8 = 279995/2384

29-Oct-22 12:44:25 - -187087/1192 x0 +44081/2384 x1 -664347/2384 x2 -243657/1192 x4 -215673/2384 x5 -582751/2384 x6 -190829/596 x7 -27387/2384 x9 -216121/1192 x10 -545973/2384 x11 -8267/2384 s0 +57/2384 s5 +s9 = 1394113/2384

29-Oct-22 12:44:25 - -66691/1192 x0 +92805/2384 x1 -262023/2384 x2 -133149/1192 x4 -108973/2384 x5 -316779/2384 x6 -129365/596 x7 +121385/2384 x9 -140549/1192 x10 -343001/2384 x11 -5543/2384 s0 +61/2384 s5 +s10 = 1617461/2384

29-Oct-22 12:44:25 - -47809/596 x0 -35457/1192 x1 -160949/1192 x2 -65363/596 x4 -93343/1192 x5 -207969/1192 x6 -47151/298 x7 +39835/1192 x9 -80315/596 x10 -166859/1192 x11 -2621/1192 s0 -129/1192 s5 +s11 = 657671/1192

29-Oct-22 12:44:25 - +3737/149 x0 -3573/298 x1 +7671/298 x2 -6855/149 x4 +5859/298 x5 -575/298 x6 +10588/149 x7 +5425/298 x9 +4259/149 x10 +10085/298 x11 -23/298 s0 -137/298 s5 +s12 = 209783/298

29-Oct-22 12:44:25 - -184881/1192 x0 -171641/2384 x1 -533997/2384 x2 -280023/1192 x4 -391311/2384 x5 -729753/2384 x6 -178119/596 x7 -46445/2384 x9 -192007/1192 x10 -721667/2384 x11 -7901/2384 s0 -1313/2384 s5 +s13 = 764647/2384

29-Oct-22 12:44:25 - -38277/596 x0 +54687/1192 x1 -236069/1192 x2 -82299/596 x4 -151767/1192 x5 -155081/1192 x6 -62425/298 x7 +39467/1192 x9 -33111/596 x10 -196395/1192 x11 -3557/1192 s0 +463/1192 s5 +s14 = 803247/1192

29-Oct-22 12:44:25 - Cuts to generate: 15
29-Oct-22 12:44:25 - Generating Gomory cuts...

29-Oct-22 12:44:25 - Row 1 gives cut -> +7/298 x0 +39/596 x1 +191/596 x2 +285/298 x4 +177/596 x5 +571/596 x6 +133/149 x7 +495/596 x9 +237/298 x10 +581/596 x11 +595/596 s0 +7/596 s5 >= 479/596

29-Oct-22 12:44:25 - Row 2 gives cut -> +229/1192 x0 +1957/2384 x1 +1225/2384 x2 +43/1192 x4 +1363/2384 x5 +885/2384 x6 +179/596 x7 +953/2384 x9 +1027/1192 x10 +1127/2384 x11 +393/2384 s0 +1421/2384 s5 >= 1877/2384

29-Oct-22 12:44:25 - Row 3 gives cut -> +39/298 x0 +345/596 x1 +85/596 x2 +183/298 x4 +7/596 x5 +329/596 x6 +145/149 x7 +161/596 x9 +171/298 x10 +555/596 x11 +37/596 s0 +337/596 s5 >= 157/596

29-Oct-22 12:44:25 - Row 4 gives cut -> +1159/1192 x0 +1519/2384 x1 +1739/2384 x2 +785/1192 x4 +1209/2384 x5 +799/2384 x6 +565/596 x7 +987/2384 x9 +841/1192 x10 +837/2384 x11 +1963/2384 s0 +1159/2384 s5 >= 1999/2384

29-Oct-22 12:44:25 - Row 5 gives cut -> +521/1192 x0 +689/2384 x1 +1189/2384 x2 +863/1192 x4 +743/2384 x5 +353/2384 x6 +363/596 x7 +997/2384 x9 +15/1192 x10 +331/2384 x11 +181/2384 s0 +521/2384 s5 >= 913/2384

29-Oct-22 12:44:25 - Row 6 gives cut -> +1179/1192 x0 +779/2384 x1 +71/2384 x2 +237/1192 x4 +1885/2384 x5 +1579/2384 x6 +349/596 x7 +2231/2384 x9 +837/1192 x10 +1305/2384 x11 +87/2384 s0 +2371/2384 s5 >= 1835/2384

29-Oct-22 12:44:25 - Row 7 gives cut -> +337/1192 x0 +345/2384 x1 +1277/2384 x2 +183/1192 x4 +1199/2384 x5 +329/2384 x6 +443/596 x7 +1949/2384 x9 +767/1192 x10 +1747/2384 x11 +1229/2384 s0 +337/2384 s5 >= 1945/2384

29-Oct-22 12:44:25 - Row 8 gives cut -> +30/149 x0 +41/149 x1 +90/149 x2 +72/149 x4 +60/149 x5 +138/149 x6 +97/149 x7 +39/149 x9 +143/149 x10 +53/149 x11 +83/149 s0 +15/149 s5 >= 26/149

29-Oct-22 12:44:25 - Row 9 gives cut -> +1011/1192 x0 +1035/2384 x1 +1447/2384 x2 +549/1192 x4 +1213/2384 x5 +987/2384 x6 +137/596 x7 +1079/2384 x9 +1109/1192 x10 +473/2384 x11 +1303/2384 s0 +1011/2384 s5 >= 1067/2384

29-Oct-22 12:44:25 - Row 10 gives cut -> +57/1192 x0 +1169/2384 x1 +789/2384 x2 +703/1192 x4 +1271/2384 x5 +1329/2384 x6 +487/596 x7 +1221/2384 x9 +823/1192 x10 +2347/2384 x11 +1269/2384 s0 +57/2384 s5 >= 1857/2384

29-Oct-22 12:44:25 - Row 11 gives cut -> +61/1192 x0 +2213/2384 x1 +217/2384 x2 +355/1192 x4 +691/2384 x5 +293/2384 x6 +563/596 x7 +2185/2384 x9 +107/1192 x10 +295/2384 x11 +1609/2384 s0 +61/2384 s5 >= 1109/2384

29-Oct-22 12:44:25 - Row 12 gives cut -> +467/596 x0 +303/1192 x1 +1163/1192 x2 +197/596 x4 +825/1192 x5 +631/1192 x6 +231/298 x7 +499/1192 x9 +145/596 x10 +21/1192 x11 +955/1192 s0 +1063/1192 s5 >= 879/1192

29-Oct-22 12:44:25 - Row 13 gives cut -> +12/149 x0 +3/298 x1 +221/298 x2 +148/149 x4 +197/298 x5 +21/298 x6 +9/149 x7 +61/298 x9 +87/149 x10 +251/298 x11 +275/298 s0 +161/298 s5 >= 289/298

29-Oct-22 12:44:25 - Row 14 gives cut -> +1071/1192 x0 +7/2384 x1 +19/2384 x2 +97/1192 x4 +2049/2384 x5 +2135/2384 x6 +85/596 x7 +1235/2384 x9 +1097/1192 x10 +685/2384 x11 +1635/2384 s0 +1071/2384 s5 >= 1767/2384

29-Oct-22 12:44:25 - Row 15 gives cut -> +463/596 x0 +1047/1192 x1 +1139/1192 x2 +545/596 x4 +809/1192 x5 +1071/1192 x6 +155/298 x7 +131/1192 x9 +265/596 x10 +285/1192 x11 +19/1192 s0 +463/1192 s5 >= 1031/1192

29-Oct-22 12:44:25 - *** GOMORY CUTS ***

29-Oct-22 12:44:25 - +55.99999999999999 x0 +24.0 x1 +89.0 x2 +28.0 x3 +74.0 x4 +54.0 x5 +86.99999999999999 x6 +98.0 x7 +14.0 x8 +9.0 x9 +57.99999999999999 x10 +84.0 x11 <= 32.0

29-Oct-22 12:44:25 - +15.0 x0 +59.00000000000001 x1 +38.0 x2 +7.0 x3 +67.00000000000003 x4 +28.000000000000004 x5 +70.00000000000003 x6 +19.0 x7 +54.0 x8 +44.0 x9 +54.000000000000014 x10 +70.00000000000001 x11 <= 48.00000000000005

29-Oct-22 12:44:25 - +8.999999999999998 x0 +54.0 x1 +28.000000000000004 x2 +4.000000000000002 x3 +55.99999999999999 x4 +21.999999999999993 x5 +58.00000000000001 x6 +8.000000000000002 x7 +50.0 x8 +41.0 x9 +46.0 x10 +58.0 x11 <= 43.00000000000002

29-Oct-22 12:44:25 - +50.000000000000014 x0 +64.0 x1 +92.0 x2 +25.0 x3 +105.0 x4 +60.0 x5 +117.0 x6 +83.0 x7 +52.99999999999999 x8 +42.0 x9 +84.0 x10 +115.0 x11 <= 61.00000000000003

29-Oct-22 12:44:25 - +5.999999999999997 x0 +22.000000000000007 x1 +15.0 x2 +3.0000000000000027 x3 +24.999999999999993 x4 +10.99999999999999 x5 +27.0 x6 +7.9999999999999964 x7 +20.000000000000004 x8 +15.999999999999996 x9 +21.0 x10 +27.000000000000014 x11 <= 18.000000000000068

29-Oct-22 12:44:25 - +11.0 x0 +94.0 x1 +43.0 x2 +5.0 x3 +94.0 x4 +34.0 x5 +96.0 x6 +8.0 x7 +86.99999999999999 x8 +71.0 x9 +77.0 x10 +97.0 x11 <= 73.0

29-Oct-22 12:44:25 - +30.0 x0 +25.0 x1 +51.0 x2 +15.000000000000005 x3 +51.00000000000001 x4 +32.00000000000001 x5 +58.0 x6 +50.99999999999998 x7 +19.0 x8 +14.000000000000009 x9 +40.0 x10 +56.0 x11 <= 26.000000000000007

29-Oct-22 12:44:25 - +31.999999999999996 x0 +22.000000000000004 x1 +52.99999999999999 x2 +16.0 x3 +50.0 x4 +33.0 x5 +57.000000000000014 x6 +54.99999999999999 x7 +15.999999999999996 x8 +11.999999999999996 x9 +39.0 x10 +56.00000000000001 x11 <= 25.00000000000001

29-Oct-22 12:44:25 - +34.00000000000001 x0 +51.99999999999999 x1 +65.0 x2 +17.0 x3 +79.0 x4 +42.99999999999999 x5 +87.0 x6 +56.0 x7 +44.0 x8 +35.0 x9 +63.00000000000001 x10 +86.0 x11 <= 48.000000000000014

29-Oct-22 12:44:25 - +30.000000000000007 x0 +14.0 x1 +47.99999999999998 x2 +15.000000000000012 x3 +40.99999999999997 x4 +28.99999999999999 x5 +48.0 x6 +51.999999999999986 x7 +9.000000000000004 x8 +5.999999999999998 x9 +31.999999999999993 x10 +46.0 x11 <= 17.999999999999957

29-Oct-22 12:44:25 - +37.99999999999999 x0 +16.999999999999996 x1 +61.00000000000001 x2 +19.000000000000004 x3 +51.99999999999999 x4 +37.0 x5 +61.00000000000001 x6 +66.0 x7 +11.000000000000004 x8 +6.999999999999996 x9 +40.99999999999998 x10 +58.99999999999999 x11 <= 23.00000000000001

29-Oct-22 12:44:25 - +53.0 x0 +102.0 x1 +106.00000000000003 x2 +26.000000000000007 x3 +140.99999999999997 x4 +72.00000000000001 x5 +153.0 x6 +83.0 x7 +88.0 x8 +71.0 x9 +114.0 x10 +151.99999999999997 x11 <= 89.99999999999994

29-Oct-22 12:44:25 - +57.0 x0 +72.0 x1 +103.0 x2 +28.0 x3 +117.0 x4 +67.0 x5 +131.0 x6 +94.0 x7 +58.99999999999999 x8 +47.0 x9 +94.0 x10 +128.0 x11 <= 68.0

29-Oct-22 12:44:25 - +41.99999999999999 x0 +58.0 x1 +79.00000000000003 x2 +21.000000000000007 x3 +92.0 x4 +51.00000000000001 x5 +101.00000000000003 x6 +70.0 x7 +48.00000000000001 x8 +38.00000000000001 x9 +72.99999999999997 x10 +100.0 x11 <= 53.999999999999986

29-Oct-22 12:44:25 - +4.000000000000009 x0 +35.99999999999999 x1 +15.999999999999996 x2 +2.0000000000000098 x3 +35.99999999999999 x4 +12.999999999999996 x5 +37.000000000000014 x6 +3.0000000000000124 x7 +34.0 x8 +28.0 x9 +30.000000000000007 x10 +38.0 x11 <= 28.00000000000005

29-Oct-22 12:44:25 - 
					 Resolution of the problem called 'cluster_small': 1 Gomory cuts applied.
29-Oct-22 12:44:25 - 	-> Solution status = optimal
29-Oct-22 12:44:25 - 	-> Solution value  = 76.075630

29-Oct-22 12:44:25 - SLACKS SITUATION:
29-Oct-22 12:44:25 - -> Row 0:  Slack = 0.805
29-Oct-22 12:44:25 - -> Row 1:  Slack = 426.265
29-Oct-22 12:44:25 - -> Row 2:  Slack = 818.018
29-Oct-22 12:44:25 - -> Row 3:  Slack = 321.981
29-Oct-22 12:44:25 - -> Row 4:  Slack = 928.127
29-Oct-22 12:44:25 - -> Row 5:  Slack = 0.0
29-Oct-22 12:44:25 - -> Row 6:  Slack = 72.011
29-Oct-22 12:44:25 - -> Row 7:  Slack = 385.531
29-Oct-22 12:44:25 - -> Row 8:  Slack = 117.813
29-Oct-22 12:44:25 - -> Row 9:  Slack = 587.571
29-Oct-22 12:44:25 - -> Row 10:  Slack = 680.337
29-Oct-22 12:44:25 - -> Row 11:  Slack = 553.508
29-Oct-22 12:44:25 - -> Row 12:  Slack = 704.032
29-Oct-22 12:44:25 - -> Row 13:  Slack = 323.409
29-Oct-22 12:44:25 - -> Row 14:  Slack = 676.267
29-Oct-22 12:44:25 - -> Row 15:  Slack = 0.0
29-Oct-22 12:44:25 - 
					 PROBLEM VARIABLES:
29-Oct-22 12:44:25 - -> Column 0 (variable x0):  Value = 0.0
29-Oct-22 12:44:25 - -> Column 1 (variable x1):  Value = 0.0
29-Oct-22 12:44:25 - -> Column 2 (variable x2):  Value = 0.0
29-Oct-22 12:44:25 - -> Column 3 (variable x3):  Value = 0.74
29-Oct-22 12:44:25 - -> Column 4 (variable x4):  Value = 0.0
29-Oct-22 12:44:25 - -> Column 5 (variable x5):  Value = 0.0
29-Oct-22 12:44:25 - -> Column 6 (variable x6):  Value = 0.0
29-Oct-22 12:44:25 - -> Column 7 (variable x7):  Value = 0.0
29-Oct-22 12:44:25 - -> Column 8 (variable x8):  Value = 0.805
29-Oct-22 12:44:25 - -> Column 9 (variable x9):  Value = 0.0
29-Oct-22 12:44:25 - -> Column 10 (variable x10):  Value = 0.0
29-Oct-22 12:44:25 - -> Column 11 (variable x11):  Value = 0.0
29-Oct-22 12:44:25 - -> Column 12 (variable s0):  Value = 0.0
29-Oct-22 12:44:25 - -> Column 13 (variable s1):  Value = 0.0
29-Oct-22 12:44:25 - -> Column 14 (variable s2):  Value = 0.0
29-Oct-22 12:44:25 - -> Column 15 (variable s3):  Value = 0.0
29-Oct-22 12:44:25 - -> Column 16 (variable s4):  Value = 0.0
29-Oct-22 12:44:25 - -> Column 17 (variable s5):  Value = 0.0
29-Oct-22 12:44:25 - -> Column 18 (variable s6):  Value = 0.0
29-Oct-22 12:44:25 - -> Column 19 (variable s7):  Value = 0.0
29-Oct-22 12:44:25 - -> Column 20 (variable s8):  Value = 0.0
29-Oct-22 12:44:25 - -> Column 21 (variable s9):  Value = 0.0
29-Oct-22 12:44:25 - -> Column 22 (variable s10):  Value = 0.0
29-Oct-22 12:44:25 - -> Column 23 (variable s11):  Value = 0.0
29-Oct-22 12:44:25 - -> Column 24 (variable s12):  Value = 0.0
29-Oct-22 12:44:25 - -> Column 25 (variable s13):  Value = 0.0
29-Oct-22 12:44:25 - -> Column 26 (variable s14):  Value = 0.0
29-Oct-22 12:44:25 - Elapsed time: 0.000000 
29-Oct-22 12:44:25 - 
					 Resolution of the problem called 'cluster_small': 2 Gomory cuts applied.
29-Oct-22 12:44:25 - 	-> Solution status = optimal
29-Oct-22 12:44:25 - 	-> Solution value  = 75.881188

29-Oct-22 12:44:25 - SLACKS SITUATION:
29-Oct-22 12:44:25 - -> Row 0:  Slack = 0.792
29-Oct-22 12:44:25 - -> Row 1:  Slack = 426.686
29-Oct-22 12:44:25 - -> Row 2:  Slack = 818.485
29-Oct-22 12:44:25 - -> Row 3:  Slack = 322.545
29-Oct-22 12:44:25 - -> Row 4:  Slack = 928.976
29-Oct-22 12:44:25 - -> Row 5:  Slack = 0.0
29-Oct-22 12:44:25 - -> Row 6:  Slack = 72.938
29-Oct-22 12:44:25 - -> Row 7:  Slack = 386.516
29-Oct-22 12:44:25 - -> Row 8:  Slack = 118.441
29-Oct-22 12:44:25 - -> Row 9:  Slack = 587.499
29-Oct-22 12:44:25 - -> Row 10:  Slack = 680.279
29-Oct-22 12:44:25 - -> Row 11:  Slack = 553.598
29-Oct-22 12:44:25 - -> Row 12:  Slack = 704.537
29-Oct-22 12:44:25 - -> Row 13:  Slack = 323.973
29-Oct-22 12:44:25 - -> Row 14:  Slack = 675.801
29-Oct-22 12:44:25 - -> Row 15:  Slack = 0.0
29-Oct-22 12:44:25 - -> Row 16:  Slack = 0.0
29-Oct-22 12:44:25 - 
					 PROBLEM VARIABLES:
29-Oct-22 12:44:25 - -> Column 0 (variable x0):  Value = 0.0
29-Oct-22 12:44:25 - -> Column 1 (variable x1):  Value = 0.0
29-Oct-22 12:44:25 - -> Column 2 (variable x2):  Value = 0.0
29-Oct-22 12:44:25 - -> Column 3 (variable x3):  Value = 0.747
29-Oct-22 12:44:25 - -> Column 4 (variable x4):  Value = 0.0
29-Oct-22 12:44:25 - -> Column 5 (variable x5):  Value = 0.0
29-Oct-22 12:44:25 - -> Column 6 (variable x6):  Value = 0.0
29-Oct-22 12:44:25 - -> Column 7 (variable x7):  Value = 0.0
29-Oct-22 12:44:25 - -> Column 8 (variable x8):  Value = 0.792
29-Oct-22 12:44:25 - -> Column 9 (variable x9):  Value = 0.0
29-Oct-22 12:44:25 - -> Column 10 (variable x10):  Value = 0.0
29-Oct-22 12:44:25 - -> Column 11 (variable x11):  Value = 0.0
29-Oct-22 12:44:25 - -> Column 12 (variable s0):  Value = 0.0
29-Oct-22 12:44:25 - -> Column 13 (variable s1):  Value = 0.0
29-Oct-22 12:44:25 - -> Column 14 (variable s2):  Value = 0.0
29-Oct-22 12:44:25 - -> Column 15 (variable s3):  Value = 0.0
29-Oct-22 12:44:25 - -> Column 16 (variable s4):  Value = 0.0
29-Oct-22 12:44:25 - -> Column 17 (variable s5):  Value = 1.102
29-Oct-22 12:44:25 - -> Column 18 (variable s6):  Value = 0.0
29-Oct-22 12:44:25 - -> Column 19 (variable s7):  Value = 0.0
29-Oct-22 12:44:25 - -> Column 20 (variable s8):  Value = 0.0
29-Oct-22 12:44:25 - -> Column 21 (variable s9):  Value = 0.0
29-Oct-22 12:44:25 - -> Column 22 (variable s10):  Value = 0.0
29-Oct-22 12:44:25 - -> Column 23 (variable s11):  Value = 0.0
29-Oct-22 12:44:25 - -> Column 24 (variable s12):  Value = 0.0
29-Oct-22 12:44:25 - -> Column 25 (variable s13):  Value = 0.0
29-Oct-22 12:44:25 - -> Column 26 (variable s14):  Value = 0.0
29-Oct-22 12:44:26 - Elapsed time: 0.016000 
29-Oct-22 12:44:26 - 
					 Resolution of the problem called 'cluster_small': 3 Gomory cuts applied.
29-Oct-22 12:44:26 - 	-> Solution status = optimal
29-Oct-22 12:44:26 - 	-> Solution value  = 75.881188

29-Oct-22 12:44:26 - SLACKS SITUATION:
29-Oct-22 12:44:26 - -> Row 0:  Slack = 0.792
29-Oct-22 12:44:26 - -> Row 1:  Slack = 426.686
29-Oct-22 12:44:26 - -> Row 2:  Slack = 818.485
29-Oct-22 12:44:26 - -> Row 3:  Slack = 322.545
29-Oct-22 12:44:26 - -> Row 4:  Slack = 928.976
29-Oct-22 12:44:26 - -> Row 5:  Slack = 0.0
29-Oct-22 12:44:26 - -> Row 6:  Slack = 72.938
29-Oct-22 12:44:26 - -> Row 7:  Slack = 386.516
29-Oct-22 12:44:26 - -> Row 8:  Slack = 118.441
29-Oct-22 12:44:26 - -> Row 9:  Slack = 587.499
29-Oct-22 12:44:26 - -> Row 10:  Slack = 680.279
29-Oct-22 12:44:26 - -> Row 11:  Slack = 553.598
29-Oct-22 12:44:26 - -> Row 12:  Slack = 704.537
29-Oct-22 12:44:26 - -> Row 13:  Slack = 323.973
29-Oct-22 12:44:26 - -> Row 14:  Slack = 675.801
29-Oct-22 12:44:26 - -> Row 15:  Slack = 0.0
29-Oct-22 12:44:26 - -> Row 16:  Slack = 0.0
29-Oct-22 12:44:26 - -> Row 17:  Slack = 0.409
29-Oct-22 12:44:26 - 
					 PROBLEM VARIABLES:
29-Oct-22 12:44:26 - -> Column 0 (variable x0):  Value = 0.0
29-Oct-22 12:44:26 - -> Column 1 (variable x1):  Value = 0.0
29-Oct-22 12:44:26 - -> Column 2 (variable x2):  Value = 0.0
29-Oct-22 12:44:26 - -> Column 3 (variable x3):  Value = 0.747
29-Oct-22 12:44:26 - -> Column 4 (variable x4):  Value = 0.0
29-Oct-22 12:44:26 - -> Column 5 (variable x5):  Value = 0.0
29-Oct-22 12:44:26 - -> Column 6 (variable x6):  Value = 0.0
29-Oct-22 12:44:26 - -> Column 7 (variable x7):  Value = 0.0
29-Oct-22 12:44:26 - -> Column 8 (variable x8):  Value = 0.792
29-Oct-22 12:44:26 - -> Column 9 (variable x9):  Value = 0.0
29-Oct-22 12:44:26 - -> Column 10 (variable x10):  Value = 0.0
29-Oct-22 12:44:26 - -> Column 11 (variable x11):  Value = 0.0
29-Oct-22 12:44:26 - -> Column 12 (variable s0):  Value = 0.0
29-Oct-22 12:44:26 - -> Column 13 (variable s1):  Value = 0.0
29-Oct-22 12:44:26 - -> Column 14 (variable s2):  Value = 0.0
29-Oct-22 12:44:26 - -> Column 15 (variable s3):  Value = 0.0
29-Oct-22 12:44:26 - -> Column 16 (variable s4):  Value = 0.0
29-Oct-22 12:44:26 - -> Column 17 (variable s5):  Value = 1.102
29-Oct-22 12:44:26 - -> Column 18 (variable s6):  Value = 0.0
29-Oct-22 12:44:26 - -> Column 19 (variable s7):  Value = 0.0
29-Oct-22 12:44:26 - -> Column 20 (variable s8):  Value = 0.0
29-Oct-22 12:44:26 - -> Column 21 (variable s9):  Value = 0.0
29-Oct-22 12:44:26 - -> Column 22 (variable s10):  Value = 0.0
29-Oct-22 12:44:26 - -> Column 23 (variable s11):  Value = 0.0
29-Oct-22 12:44:26 - -> Column 24 (variable s12):  Value = 0.0
29-Oct-22 12:44:26 - -> Column 25 (variable s13):  Value = 0.0
29-Oct-22 12:44:26 - -> Column 26 (variable s14):  Value = 0.0
29-Oct-22 12:44:26 - Elapsed time: 0.000000 
29-Oct-22 12:44:26 - 
					 Resolution of the problem called 'cluster_small': 4 Gomory cuts applied.
29-Oct-22 12:44:26 - 	-> Solution status = optimal
29-Oct-22 12:44:26 - 	-> Solution value  = 75.881188

29-Oct-22 12:44:26 - SLACKS SITUATION:
29-Oct-22 12:44:26 - -> Row 0:  Slack = 0.792
29-Oct-22 12:44:26 - -> Row 1:  Slack = 426.686
29-Oct-22 12:44:26 - -> Row 2:  Slack = 818.485
29-Oct-22 12:44:26 - -> Row 3:  Slack = 322.545
29-Oct-22 12:44:26 - -> Row 4:  Slack = 928.976
29-Oct-22 12:44:26 - -> Row 5:  Slack = 0.0
29-Oct-22 12:44:26 - -> Row 6:  Slack = 72.938
29-Oct-22 12:44:26 - -> Row 7:  Slack = 386.516
29-Oct-22 12:44:26 - -> Row 8:  Slack = 118.441
29-Oct-22 12:44:26 - -> Row 9:  Slack = 587.499
29-Oct-22 12:44:26 - -> Row 10:  Slack = 680.279
29-Oct-22 12:44:26 - -> Row 11:  Slack = 553.598
29-Oct-22 12:44:26 - -> Row 12:  Slack = 704.537
29-Oct-22 12:44:26 - -> Row 13:  Slack = 323.973
29-Oct-22 12:44:26 - -> Row 14:  Slack = 675.801
29-Oct-22 12:44:26 - -> Row 15:  Slack = 0.0
29-Oct-22 12:44:26 - -> Row 16:  Slack = 0.0
29-Oct-22 12:44:26 - -> Row 17:  Slack = 0.409
29-Oct-22 12:44:26 - -> Row 18:  Slack = 0.349
29-Oct-22 12:44:26 - 
					 PROBLEM VARIABLES:
29-Oct-22 12:44:26 - -> Column 0 (variable x0):  Value = 0.0
29-Oct-22 12:44:26 - -> Column 1 (variable x1):  Value = 0.0
29-Oct-22 12:44:26 - -> Column 2 (variable x2):  Value = 0.0
29-Oct-22 12:44:26 - -> Column 3 (variable x3):  Value = 0.747
29-Oct-22 12:44:26 - -> Column 4 (variable x4):  Value = 0.0
29-Oct-22 12:44:26 - -> Column 5 (variable x5):  Value = 0.0
29-Oct-22 12:44:26 - -> Column 6 (variable x6):  Value = 0.0
29-Oct-22 12:44:26 - -> Column 7 (variable x7):  Value = 0.0
29-Oct-22 12:44:26 - -> Column 8 (variable x8):  Value = 0.792
29-Oct-22 12:44:26 - -> Column 9 (variable x9):  Value = 0.0
29-Oct-22 12:44:26 - -> Column 10 (variable x10):  Value = 0.0
29-Oct-22 12:44:26 - -> Column 11 (variable x11):  Value = 0.0
29-Oct-22 12:44:26 - -> Column 12 (variable s0):  Value = 0.0
29-Oct-22 12:44:26 - -> Column 13 (variable s1):  Value = 0.0
29-Oct-22 12:44:26 - -> Column 14 (variable s2):  Value = 0.0
29-Oct-22 12:44:26 - -> Column 15 (variable s3):  Value = 0.0
29-Oct-22 12:44:26 - -> Column 16 (variable s4):  Value = 0.0
29-Oct-22 12:44:26 - -> Column 17 (variable s5):  Value = 1.102
29-Oct-22 12:44:26 - -> Column 18 (variable s6):  Value = 0.0
29-Oct-22 12:44:26 - -> Column 19 (variable s7):  Value = 0.0
29-Oct-22 12:44:26 - -> Column 20 (variable s8):  Value = 0.0
29-Oct-22 12:44:26 - -> Column 21 (variable s9):  Value = 0.0
29-Oct-22 12:44:26 - -> Column 22 (variable s10):  Value = 0.0
29-Oct-22 12:44:26 - -> Column 23 (variable s11):  Value = 0.0
29-Oct-22 12:44:26 - -> Column 24 (variable s12):  Value = 0.0
29-Oct-22 12:44:26 - -> Column 25 (variable s13):  Value = 0.0
29-Oct-22 12:44:26 - -> Column 26 (variable s14):  Value = 0.0
29-Oct-22 12:44:26 - Elapsed time: 0.000000 
29-Oct-22 12:44:26 - 
					 Resolution of the problem called 'cluster_small': 5 Gomory cuts applied.
29-Oct-22 12:44:26 - 	-> Solution status = optimal
29-Oct-22 12:44:26 - 	-> Solution value  = 75.814672

29-Oct-22 12:44:26 - SLACKS SITUATION:
29-Oct-22 12:44:26 - -> Row 0:  Slack = 0.788
29-Oct-22 12:44:26 - -> Row 1:  Slack = 426.83
29-Oct-22 12:44:26 - -> Row 2:  Slack = 818.645
29-Oct-22 12:44:26 - -> Row 3:  Slack = 322.737
29-Oct-22 12:44:26 - -> Row 4:  Slack = 929.266
29-Oct-22 12:44:26 - -> Row 5:  Slack = 0.0
29-Oct-22 12:44:26 - -> Row 6:  Slack = 73.255
29-Oct-22 12:44:26 - -> Row 7:  Slack = 386.853
29-Oct-22 12:44:26 - -> Row 8:  Slack = 118.656
29-Oct-22 12:44:26 - -> Row 9:  Slack = 587.475
29-Oct-22 12:44:26 - -> Row 10:  Slack = 680.259
29-Oct-22 12:44:26 - -> Row 11:  Slack = 553.629
29-Oct-22 12:44:26 - -> Row 12:  Slack = 704.71
29-Oct-22 12:44:26 - -> Row 13:  Slack = 324.166
29-Oct-22 12:44:26 - -> Row 14:  Slack = 675.641
29-Oct-22 12:44:26 - -> Row 15:  Slack = 0.0
29-Oct-22 12:44:26 - -> Row 16:  Slack = 0.224
29-Oct-22 12:44:26 - -> Row 17:  Slack = 0.622
29-Oct-22 12:44:26 - -> Row 18:  Slack = 0.529
29-Oct-22 12:44:26 - -> Row 19:  Slack = 0.0
29-Oct-22 12:44:26 - 
					 PROBLEM VARIABLES:
29-Oct-22 12:44:26 - -> Column 0 (variable x0):  Value = 0.0
29-Oct-22 12:44:26 - -> Column 1 (variable x1):  Value = 0.0
29-Oct-22 12:44:26 - -> Column 2 (variable x2):  Value = 0.0
29-Oct-22 12:44:26 - -> Column 3 (variable x3):  Value = 0.749
29-Oct-22 12:44:26 - -> Column 4 (variable x4):  Value = 0.0
29-Oct-22 12:44:26 - -> Column 5 (variable x5):  Value = 0.0
29-Oct-22 12:44:26 - -> Column 6 (variable x6):  Value = 0.0
29-Oct-22 12:44:26 - -> Column 7 (variable x7):  Value = 0.0
29-Oct-22 12:44:26 - -> Column 8 (variable x8):  Value = 0.788
29-Oct-22 12:44:26 - -> Column 9 (variable x9):  Value = 0.0
29-Oct-22 12:44:26 - -> Column 10 (variable x10):  Value = 0.0
29-Oct-22 12:44:26 - -> Column 11 (variable x11):  Value = 0.0
29-Oct-22 12:44:26 - -> Column 12 (variable s0):  Value = 0.0
29-Oct-22 12:44:26 - -> Column 13 (variable s1):  Value = 0.0
29-Oct-22 12:44:26 - -> Column 14 (variable s2):  Value = 0.0
29-Oct-22 12:44:26 - -> Column 15 (variable s3):  Value = 0.0
29-Oct-22 12:44:26 - -> Column 16 (variable s4):  Value = 0.0
29-Oct-22 12:44:26 - -> Column 17 (variable s5):  Value = 1.479
29-Oct-22 12:44:26 - -> Column 18 (variable s6):  Value = 0.0
29-Oct-22 12:44:26 - -> Column 19 (variable s7):  Value = 0.0
29-Oct-22 12:44:26 - -> Column 20 (variable s8):  Value = 0.0
29-Oct-22 12:44:26 - -> Column 21 (variable s9):  Value = 0.0
29-Oct-22 12:44:26 - -> Column 22 (variable s10):  Value = 0.0
29-Oct-22 12:44:26 - -> Column 23 (variable s11):  Value = 0.0
29-Oct-22 12:44:26 - -> Column 24 (variable s12):  Value = 0.0
29-Oct-22 12:44:26 - -> Column 25 (variable s13):  Value = 0.0
29-Oct-22 12:44:26 - -> Column 26 (variable s14):  Value = 0.0
29-Oct-22 12:44:26 - Elapsed time: 0.015000 
29-Oct-22 12:44:26 - 
					 Resolution of the problem called 'cluster_small': 6 Gomory cuts applied.
29-Oct-22 12:44:26 - 	-> Solution status = optimal
29-Oct-22 12:44:26 - 	-> Solution value  = 75.814672

29-Oct-22 12:44:26 - SLACKS SITUATION:
29-Oct-22 12:44:26 - -> Row 0:  Slack = 0.788
29-Oct-22 12:44:26 - -> Row 1:  Slack = 426.83
29-Oct-22 12:44:26 - -> Row 2:  Slack = 818.645
29-Oct-22 12:44:26 - -> Row 3:  Slack = 322.737
29-Oct-22 12:44:26 - -> Row 4:  Slack = 929.266
29-Oct-22 12:44:26 - -> Row 5:  Slack = 0.0
29-Oct-22 12:44:26 - -> Row 6:  Slack = 73.255
29-Oct-22 12:44:26 - -> Row 7:  Slack = 386.853
29-Oct-22 12:44:26 - -> Row 8:  Slack = 118.656
29-Oct-22 12:44:26 - -> Row 9:  Slack = 587.475
29-Oct-22 12:44:26 - -> Row 10:  Slack = 680.259
29-Oct-22 12:44:26 - -> Row 11:  Slack = 553.629
29-Oct-22 12:44:26 - -> Row 12:  Slack = 704.71
29-Oct-22 12:44:26 - -> Row 13:  Slack = 324.166
29-Oct-22 12:44:26 - -> Row 14:  Slack = 675.641
29-Oct-22 12:44:26 - -> Row 15:  Slack = 0.0
29-Oct-22 12:44:26 - -> Row 16:  Slack = 0.224
29-Oct-22 12:44:26 - -> Row 17:  Slack = 0.622
29-Oct-22 12:44:26 - -> Row 18:  Slack = 0.529
29-Oct-22 12:44:26 - -> Row 19:  Slack = 0.0
29-Oct-22 12:44:26 - -> Row 20:  Slack = 0.73
29-Oct-22 12:44:26 - 
					 PROBLEM VARIABLES:
29-Oct-22 12:44:26 - -> Column 0 (variable x0):  Value = 0.0
29-Oct-22 12:44:26 - -> Column 1 (variable x1):  Value = 0.0
29-Oct-22 12:44:26 - -> Column 2 (variable x2):  Value = 0.0
29-Oct-22 12:44:26 - -> Column 3 (variable x3):  Value = 0.749
29-Oct-22 12:44:26 - -> Column 4 (variable x4):  Value = 0.0
29-Oct-22 12:44:26 - -> Column 5 (variable x5):  Value = 0.0
29-Oct-22 12:44:26 - -> Column 6 (variable x6):  Value = 0.0
29-Oct-22 12:44:26 - -> Column 7 (variable x7):  Value = 0.0
29-Oct-22 12:44:26 - -> Column 8 (variable x8):  Value = 0.788
29-Oct-22 12:44:26 - -> Column 9 (variable x9):  Value = 0.0
29-Oct-22 12:44:26 - -> Column 10 (variable x10):  Value = 0.0
29-Oct-22 12:44:26 - -> Column 11 (variable x11):  Value = 0.0
29-Oct-22 12:44:26 - -> Column 12 (variable s0):  Value = 0.0
29-Oct-22 12:44:26 - -> Column 13 (variable s1):  Value = 0.0
29-Oct-22 12:44:26 - -> Column 14 (variable s2):  Value = 0.0
29-Oct-22 12:44:26 - -> Column 15 (variable s3):  Value = 0.0
29-Oct-22 12:44:26 - -> Column 16 (variable s4):  Value = 0.0
29-Oct-22 12:44:26 - -> Column 17 (variable s5):  Value = 1.479
29-Oct-22 12:44:26 - -> Column 18 (variable s6):  Value = 0.0
29-Oct-22 12:44:26 - -> Column 19 (variable s7):  Value = 0.0
29-Oct-22 12:44:26 - -> Column 20 (variable s8):  Value = 0.0
29-Oct-22 12:44:26 - -> Column 21 (variable s9):  Value = 0.0
29-Oct-22 12:44:26 - -> Column 22 (variable s10):  Value = 0.0
29-Oct-22 12:44:26 - -> Column 23 (variable s11):  Value = 0.0
29-Oct-22 12:44:26 - -> Column 24 (variable s12):  Value = 0.0
29-Oct-22 12:44:26 - -> Column 25 (variable s13):  Value = 0.0
29-Oct-22 12:44:26 - -> Column 26 (variable s14):  Value = 0.0
29-Oct-22 12:44:26 - Elapsed time: 0.000000 
29-Oct-22 12:44:26 - 
					 Resolution of the problem called 'cluster_small': 7 Gomory cuts applied.
29-Oct-22 12:44:26 - 	-> Solution status = optimal
29-Oct-22 12:44:26 - 	-> Solution value  = 75.552795

29-Oct-22 12:44:26 - SLACKS SITUATION:
29-Oct-22 12:44:26 - -> Row 0:  Slack = 0.77
29-Oct-22 12:44:26 - -> Row 1:  Slack = 427.398
29-Oct-22 12:44:26 - -> Row 2:  Slack = 819.273
29-Oct-22 12:44:26 - -> Row 3:  Slack = 323.497
29-Oct-22 12:44:26 - -> Row 4:  Slack = 930.41
29-Oct-22 12:44:26 - -> Row 5:  Slack = 0.0
29-Oct-22 12:44:26 - -> Row 6:  Slack = 74.503
29-Oct-22 12:44:26 - -> Row 7:  Slack = 388.18
29-Oct-22 12:44:26 - -> Row 8:  Slack = 119.503
29-Oct-22 12:44:26 - -> Row 9:  Slack = 587.379
29-Oct-22 12:44:26 - -> Row 10:  Slack = 680.18
29-Oct-22 12:44:26 - -> Row 11:  Slack = 553.752
29-Oct-22 12:44:26 - -> Row 12:  Slack = 705.391
29-Oct-22 12:44:26 - -> Row 13:  Slack = 324.925
29-Oct-22 12:44:26 - -> Row 14:  Slack = 675.012
29-Oct-22 12:44:26 - -> Row 15:  Slack = 0.0
29-Oct-22 12:44:26 - -> Row 16:  Slack = 1.106
29-Oct-22 12:44:26 - -> Row 17:  Slack = 1.46
29-Oct-22 12:44:26 - -> Row 18:  Slack = 1.236
29-Oct-22 12:44:26 - -> Row 19:  Slack = 0.323
29-Oct-22 12:44:26 - -> Row 20:  Slack = 2.205
29-Oct-22 12:44:26 - -> Row 21:  Slack = 0.0
29-Oct-22 12:44:26 - 
					 PROBLEM VARIABLES:
29-Oct-22 12:44:26 - -> Column 0 (variable x0):  Value = 0.0
29-Oct-22 12:44:26 - -> Column 1 (variable x1):  Value = 0.0
29-Oct-22 12:44:26 - -> Column 2 (variable x2):  Value = 0.0
29-Oct-22 12:44:26 - -> Column 3 (variable x3):  Value = 0.758
29-Oct-22 12:44:26 - -> Column 4 (variable x4):  Value = 0.0
29-Oct-22 12:44:26 - -> Column 5 (variable x5):  Value = 0.0
29-Oct-22 12:44:26 - -> Column 6 (variable x6):  Value = 0.0
29-Oct-22 12:44:26 - -> Column 7 (variable x7):  Value = 0.0
29-Oct-22 12:44:26 - -> Column 8 (variable x8):  Value = 0.77
29-Oct-22 12:44:26 - -> Column 9 (variable x9):  Value = 0.0
29-Oct-22 12:44:26 - -> Column 10 (variable x10):  Value = 0.0
29-Oct-22 12:44:26 - -> Column 11 (variable x11):  Value = 0.0
29-Oct-22 12:44:26 - -> Column 12 (variable s0):  Value = 0.0
29-Oct-22 12:44:26 - -> Column 13 (variable s1):  Value = 0.0
29-Oct-22 12:44:26 - -> Column 14 (variable s2):  Value = 0.0
29-Oct-22 12:44:26 - -> Column 15 (variable s3):  Value = 0.0
29-Oct-22 12:44:26 - -> Column 16 (variable s4):  Value = 0.0
29-Oct-22 12:44:26 - -> Column 17 (variable s5):  Value = 2.963
29-Oct-22 12:44:26 - -> Column 18 (variable s6):  Value = 0.0
29-Oct-22 12:44:26 - -> Column 19 (variable s7):  Value = 0.0
29-Oct-22 12:44:26 - -> Column 20 (variable s8):  Value = 0.0
29-Oct-22 12:44:26 - -> Column 21 (variable s9):  Value = 0.0
29-Oct-22 12:44:26 - -> Column 22 (variable s10):  Value = 0.0
29-Oct-22 12:44:26 - -> Column 23 (variable s11):  Value = 0.0
29-Oct-22 12:44:26 - -> Column 24 (variable s12):  Value = 0.0
29-Oct-22 12:44:26 - -> Column 25 (variable s13):  Value = 0.0
29-Oct-22 12:44:26 - -> Column 26 (variable s14):  Value = 0.0
29-Oct-22 12:44:26 - Elapsed time: 0.000000 
29-Oct-22 12:44:26 - 
					 Resolution of the problem called 'cluster_small': 8 Gomory cuts applied.
29-Oct-22 12:44:26 - 	-> Solution status = optimal
29-Oct-22 12:44:26 - 	-> Solution value  = 75.552795

29-Oct-22 12:44:26 - SLACKS SITUATION:
29-Oct-22 12:44:26 - -> Row 0:  Slack = 0.77
29-Oct-22 12:44:26 - -> Row 1:  Slack = 427.398
29-Oct-22 12:44:26 - -> Row 2:  Slack = 819.273
29-Oct-22 12:44:26 - -> Row 3:  Slack = 323.497
29-Oct-22 12:44:26 - -> Row 4:  Slack = 930.41
29-Oct-22 12:44:26 - -> Row 5:  Slack = 0.0
29-Oct-22 12:44:26 - -> Row 6:  Slack = 74.503
29-Oct-22 12:44:26 - -> Row 7:  Slack = 388.18
29-Oct-22 12:44:26 - -> Row 8:  Slack = 119.503
29-Oct-22 12:44:26 - -> Row 9:  Slack = 587.379
29-Oct-22 12:44:26 - -> Row 10:  Slack = 680.18
29-Oct-22 12:44:26 - -> Row 11:  Slack = 553.752
29-Oct-22 12:44:26 - -> Row 12:  Slack = 705.391
29-Oct-22 12:44:26 - -> Row 13:  Slack = 324.925
29-Oct-22 12:44:26 - -> Row 14:  Slack = 675.012
29-Oct-22 12:44:26 - -> Row 15:  Slack = 0.0
29-Oct-22 12:44:26 - -> Row 16:  Slack = 1.106
29-Oct-22 12:44:26 - -> Row 17:  Slack = 1.46
29-Oct-22 12:44:26 - -> Row 18:  Slack = 1.236
29-Oct-22 12:44:26 - -> Row 19:  Slack = 0.323
29-Oct-22 12:44:26 - -> Row 20:  Slack = 2.205
29-Oct-22 12:44:26 - -> Row 21:  Slack = 0.0
29-Oct-22 12:44:26 - -> Row 22:  Slack = 0.553
29-Oct-22 12:44:26 - 
					 PROBLEM VARIABLES:
29-Oct-22 12:44:26 - -> Column 0 (variable x0):  Value = 0.0
29-Oct-22 12:44:26 - -> Column 1 (variable x1):  Value = 0.0
29-Oct-22 12:44:26 - -> Column 2 (variable x2):  Value = 0.0
29-Oct-22 12:44:26 - -> Column 3 (variable x3):  Value = 0.758
29-Oct-22 12:44:26 - -> Column 4 (variable x4):  Value = 0.0
29-Oct-22 12:44:26 - -> Column 5 (variable x5):  Value = 0.0
29-Oct-22 12:44:26 - -> Column 6 (variable x6):  Value = 0.0
29-Oct-22 12:44:26 - -> Column 7 (variable x7):  Value = 0.0
29-Oct-22 12:44:26 - -> Column 8 (variable x8):  Value = 0.77
29-Oct-22 12:44:26 - -> Column 9 (variable x9):  Value = 0.0
29-Oct-22 12:44:26 - -> Column 10 (variable x10):  Value = 0.0
29-Oct-22 12:44:26 - -> Column 11 (variable x11):  Value = 0.0
29-Oct-22 12:44:26 - -> Column 12 (variable s0):  Value = 0.0
29-Oct-22 12:44:26 - -> Column 13 (variable s1):  Value = 0.0
29-Oct-22 12:44:26 - -> Column 14 (variable s2):  Value = 0.0
29-Oct-22 12:44:26 - -> Column 15 (variable s3):  Value = 0.0
29-Oct-22 12:44:26 - -> Column 16 (variable s4):  Value = 0.0
29-Oct-22 12:44:26 - -> Column 17 (variable s5):  Value = 2.963
29-Oct-22 12:44:26 - -> Column 18 (variable s6):  Value = 0.0
29-Oct-22 12:44:26 - -> Column 19 (variable s7):  Value = 0.0
29-Oct-22 12:44:26 - -> Column 20 (variable s8):  Value = 0.0
29-Oct-22 12:44:26 - -> Column 21 (variable s9):  Value = 0.0
29-Oct-22 12:44:26 - -> Column 22 (variable s10):  Value = 0.0
29-Oct-22 12:44:26 - -> Column 23 (variable s11):  Value = 0.0
29-Oct-22 12:44:26 - -> Column 24 (variable s12):  Value = 0.0
29-Oct-22 12:44:26 - -> Column 25 (variable s13):  Value = 0.0
29-Oct-22 12:44:26 - -> Column 26 (variable s14):  Value = 0.0
29-Oct-22 12:44:26 - Elapsed time: 0.000000 
29-Oct-22 12:44:26 - 
					 Resolution of the problem called 'cluster_small': 9 Gomory cuts applied.
29-Oct-22 12:44:26 - 	-> Solution status = optimal
29-Oct-22 12:44:26 - 	-> Solution value  = 75.552795

29-Oct-22 12:44:26 - SLACKS SITUATION:
29-Oct-22 12:44:26 - -> Row 0:  Slack = 0.77
29-Oct-22 12:44:26 - -> Row 1:  Slack = 427.398
29-Oct-22 12:44:26 - -> Row 2:  Slack = 819.273
29-Oct-22 12:44:26 - -> Row 3:  Slack = 323.497
29-Oct-22 12:44:26 - -> Row 4:  Slack = 930.41
29-Oct-22 12:44:26 - -> Row 5:  Slack = 0.0
29-Oct-22 12:44:26 - -> Row 6:  Slack = 74.503
29-Oct-22 12:44:26 - -> Row 7:  Slack = 388.18
29-Oct-22 12:44:26 - -> Row 8:  Slack = 119.503
29-Oct-22 12:44:26 - -> Row 9:  Slack = 587.379
29-Oct-22 12:44:26 - -> Row 10:  Slack = 680.18
29-Oct-22 12:44:26 - -> Row 11:  Slack = 553.752
29-Oct-22 12:44:26 - -> Row 12:  Slack = 705.391
29-Oct-22 12:44:26 - -> Row 13:  Slack = 324.925
29-Oct-22 12:44:26 - -> Row 14:  Slack = 675.012
29-Oct-22 12:44:26 - -> Row 15:  Slack = 0.0
29-Oct-22 12:44:26 - -> Row 16:  Slack = 1.106
29-Oct-22 12:44:26 - -> Row 17:  Slack = 1.46
29-Oct-22 12:44:26 - -> Row 18:  Slack = 1.236
29-Oct-22 12:44:26 - -> Row 19:  Slack = 0.323
29-Oct-22 12:44:26 - -> Row 20:  Slack = 2.205
29-Oct-22 12:44:26 - -> Row 21:  Slack = 0.0
29-Oct-22 12:44:26 - -> Row 22:  Slack = 0.553
29-Oct-22 12:44:26 - -> Row 23:  Slack = 1.23
29-Oct-22 12:44:26 - 
					 PROBLEM VARIABLES:
29-Oct-22 12:44:26 - -> Column 0 (variable x0):  Value = 0.0
29-Oct-22 12:44:26 - -> Column 1 (variable x1):  Value = 0.0
29-Oct-22 12:44:26 - -> Column 2 (variable x2):  Value = 0.0
29-Oct-22 12:44:26 - -> Column 3 (variable x3):  Value = 0.758
29-Oct-22 12:44:26 - -> Column 4 (variable x4):  Value = 0.0
29-Oct-22 12:44:26 - -> Column 5 (variable x5):  Value = 0.0
29-Oct-22 12:44:26 - -> Column 6 (variable x6):  Value = 0.0
29-Oct-22 12:44:26 - -> Column 7 (variable x7):  Value = 0.0
29-Oct-22 12:44:26 - -> Column 8 (variable x8):  Value = 0.77
29-Oct-22 12:44:26 - -> Column 9 (variable x9):  Value = 0.0
29-Oct-22 12:44:26 - -> Column 10 (variable x10):  Value = 0.0
29-Oct-22 12:44:26 - -> Column 11 (variable x11):  Value = 0.0
29-Oct-22 12:44:26 - -> Column 12 (variable s0):  Value = 0.0
29-Oct-22 12:44:26 - -> Column 13 (variable s1):  Value = 0.0
29-Oct-22 12:44:26 - -> Column 14 (variable s2):  Value = 0.0
29-Oct-22 12:44:26 - -> Column 15 (variable s3):  Value = 0.0
29-Oct-22 12:44:26 - -> Column 16 (variable s4):  Value = 0.0
29-Oct-22 12:44:26 - -> Column 17 (variable s5):  Value = 2.963
29-Oct-22 12:44:26 - -> Column 18 (variable s6):  Value = 0.0
29-Oct-22 12:44:26 - -> Column 19 (variable s7):  Value = 0.0
29-Oct-22 12:44:26 - -> Column 20 (variable s8):  Value = 0.0
29-Oct-22 12:44:26 - -> Column 21 (variable s9):  Value = 0.0
29-Oct-22 12:44:26 - -> Column 22 (variable s10):  Value = 0.0
29-Oct-22 12:44:26 - -> Column 23 (variable s11):  Value = 0.0
29-Oct-22 12:44:26 - -> Column 24 (variable s12):  Value = 0.0
29-Oct-22 12:44:26 - -> Column 25 (variable s13):  Value = 0.0
29-Oct-22 12:44:26 - -> Column 26 (variable s14):  Value = 0.0
29-Oct-22 12:44:26 - Elapsed time: 0.016000 
29-Oct-22 12:44:26 - 
					 Resolution of the problem called 'cluster_small': 10 Gomory cuts applied.
29-Oct-22 12:44:26 - 	-> Solution status = optimal
29-Oct-22 12:44:26 - 	-> Solution value  = 74.637363

29-Oct-22 12:44:26 - SLACKS SITUATION:
29-Oct-22 12:44:26 - -> Row 0:  Slack = 1.407
29-Oct-22 12:44:26 - -> Row 1:  Slack = 427.879
29-Oct-22 12:44:26 - -> Row 2:  Slack = 819.132
29-Oct-22 12:44:26 - -> Row 3:  Slack = 322.736
29-Oct-22 12:44:26 - -> Row 4:  Slack = 929.67
29-Oct-22 12:44:26 - -> Row 5:  Slack = 0.0
29-Oct-22 12:44:26 - -> Row 6:  Slack = 73.989
29-Oct-22 12:44:26 - -> Row 7:  Slack = 386.934
29-Oct-22 12:44:26 - -> Row 8:  Slack = 118.813
29-Oct-22 12:44:26 - -> Row 9:  Slack = 589.626
29-Oct-22 12:44:26 - -> Row 10:  Slack = 681.703
29-Oct-22 12:44:26 - -> Row 11:  Slack = 554.967
29-Oct-22 12:44:26 - -> Row 12:  Slack = 704.659
29-Oct-22 12:44:26 - -> Row 13:  Slack = 326.099
29-Oct-22 12:44:26 - -> Row 14:  Slack = 677.571
29-Oct-22 12:44:26 - -> Row 15:  Slack = 0.615
29-Oct-22 12:44:26 - -> Row 16:  Slack = 0.198
29-Oct-22 12:44:26 - -> Row 17:  Slack = 0.538
29-Oct-22 12:44:26 - -> Row 18:  Slack = 0.934
29-Oct-22 12:44:26 - -> Row 19:  Slack = 0.0
29-Oct-22 12:44:26 - -> Row 20:  Slack = 0.538
29-Oct-22 12:44:26 - -> Row 21:  Slack = 0.088
29-Oct-22 12:44:26 - -> Row 22:  Slack = 0.736
29-Oct-22 12:44:26 - -> Row 23:  Slack = 0.857
29-Oct-22 12:44:26 - -> Row 24:  Slack = 0.0
29-Oct-22 12:44:26 - 
					 PROBLEM VARIABLES:
29-Oct-22 12:44:26 - -> Column 0 (variable x0):  Value = 0.0
29-Oct-22 12:44:26 - -> Column 1 (variable x1):  Value = 0.0
29-Oct-22 12:44:26 - -> Column 2 (variable x2):  Value = 0.0
29-Oct-22 12:44:26 - -> Column 3 (variable x3):  Value = 0.725
29-Oct-22 12:44:26 - -> Column 4 (variable x4):  Value = 0.0
29-Oct-22 12:44:26 - -> Column 5 (variable x5):  Value = 0.0
29-Oct-22 12:44:26 - -> Column 6 (variable x6):  Value = 0.0
29-Oct-22 12:44:26 - -> Column 7 (variable x7):  Value = 0.0
29-Oct-22 12:44:26 - -> Column 8 (variable x8):  Value = 0.791
29-Oct-22 12:44:26 - -> Column 9 (variable x9):  Value = 0.0
29-Oct-22 12:44:26 - -> Column 10 (variable x10):  Value = 0.0
29-Oct-22 12:44:26 - -> Column 11 (variable x11):  Value = 0.0
29-Oct-22 12:44:26 - -> Column 12 (variable s0):  Value = 0.0
29-Oct-22 12:44:26 - -> Column 13 (variable s1):  Value = 0.0
29-Oct-22 12:44:26 - -> Column 14 (variable s2):  Value = 0.0
29-Oct-22 12:44:26 - -> Column 15 (variable s3):  Value = 0.0
29-Oct-22 12:44:26 - -> Column 16 (variable s4):  Value = 0.0
29-Oct-22 12:44:26 - -> Column 17 (variable s5):  Value = 1.264
29-Oct-22 12:44:26 - -> Column 18 (variable s6):  Value = 0.0
29-Oct-22 12:44:26 - -> Column 19 (variable s7):  Value = 0.0
29-Oct-22 12:44:26 - -> Column 20 (variable s8):  Value = 0.0
29-Oct-22 12:44:26 - -> Column 21 (variable s9):  Value = 0.0
29-Oct-22 12:44:26 - -> Column 22 (variable s10):  Value = 0.0
29-Oct-22 12:44:26 - -> Column 23 (variable s11):  Value = 0.0
29-Oct-22 12:44:26 - -> Column 24 (variable s12):  Value = 0.0
29-Oct-22 12:44:26 - -> Column 25 (variable s13):  Value = 0.0
29-Oct-22 12:44:26 - -> Column 26 (variable s14):  Value = 0.0
29-Oct-22 12:44:26 - Elapsed time: 0.000000 
29-Oct-22 12:44:26 - 
					 Resolution of the problem called 'cluster_small': 11 Gomory cuts applied.
29-Oct-22 12:44:26 - 	-> Solution status = optimal
29-Oct-22 12:44:26 - 	-> Solution value  = 74.637363

29-Oct-22 12:44:26 - SLACKS SITUATION:
29-Oct-22 12:44:26 - -> Row 0:  Slack = 1.407
29-Oct-22 12:44:26 - -> Row 1:  Slack = 427.879
29-Oct-22 12:44:26 - -> Row 2:  Slack = 819.132
29-Oct-22 12:44:26 - -> Row 3:  Slack = 322.736
29-Oct-22 12:44:26 - -> Row 4:  Slack = 929.67
29-Oct-22 12:44:26 - -> Row 5:  Slack = 0.0
29-Oct-22 12:44:26 - -> Row 6:  Slack = 73.989
29-Oct-22 12:44:26 - -> Row 7:  Slack = 386.934
29-Oct-22 12:44:26 - -> Row 8:  Slack = 118.813
29-Oct-22 12:44:26 - -> Row 9:  Slack = 589.626
29-Oct-22 12:44:26 - -> Row 10:  Slack = 681.703
29-Oct-22 12:44:26 - -> Row 11:  Slack = 554.967
29-Oct-22 12:44:26 - -> Row 12:  Slack = 704.659
29-Oct-22 12:44:26 - -> Row 13:  Slack = 326.099
29-Oct-22 12:44:26 - -> Row 14:  Slack = 677.571
29-Oct-22 12:44:26 - -> Row 15:  Slack = 0.615
29-Oct-22 12:44:26 - -> Row 16:  Slack = 0.198
29-Oct-22 12:44:26 - -> Row 17:  Slack = 0.538
29-Oct-22 12:44:26 - -> Row 18:  Slack = 0.934
29-Oct-22 12:44:26 - -> Row 19:  Slack = 0.0
29-Oct-22 12:44:26 - -> Row 20:  Slack = 0.538
29-Oct-22 12:44:26 - -> Row 21:  Slack = 0.088
29-Oct-22 12:44:26 - -> Row 22:  Slack = 0.736
29-Oct-22 12:44:26 - -> Row 23:  Slack = 0.857
29-Oct-22 12:44:26 - -> Row 24:  Slack = 0.0
29-Oct-22 12:44:26 - -> Row 25:  Slack = 0.516
29-Oct-22 12:44:26 - 
					 PROBLEM VARIABLES:
29-Oct-22 12:44:26 - -> Column 0 (variable x0):  Value = 0.0
29-Oct-22 12:44:26 - -> Column 1 (variable x1):  Value = 0.0
29-Oct-22 12:44:26 - -> Column 2 (variable x2):  Value = 0.0
29-Oct-22 12:44:26 - -> Column 3 (variable x3):  Value = 0.725
29-Oct-22 12:44:26 - -> Column 4 (variable x4):  Value = 0.0
29-Oct-22 12:44:26 - -> Column 5 (variable x5):  Value = 0.0
29-Oct-22 12:44:26 - -> Column 6 (variable x6):  Value = 0.0
29-Oct-22 12:44:26 - -> Column 7 (variable x7):  Value = 0.0
29-Oct-22 12:44:26 - -> Column 8 (variable x8):  Value = 0.791
29-Oct-22 12:44:26 - -> Column 9 (variable x9):  Value = 0.0
29-Oct-22 12:44:26 - -> Column 10 (variable x10):  Value = 0.0
29-Oct-22 12:44:26 - -> Column 11 (variable x11):  Value = 0.0
29-Oct-22 12:44:26 - -> Column 12 (variable s0):  Value = 0.0
29-Oct-22 12:44:26 - -> Column 13 (variable s1):  Value = 0.0
29-Oct-22 12:44:26 - -> Column 14 (variable s2):  Value = 0.0
29-Oct-22 12:44:26 - -> Column 15 (variable s3):  Value = 0.0
29-Oct-22 12:44:26 - -> Column 16 (variable s4):  Value = 0.0
29-Oct-22 12:44:26 - -> Column 17 (variable s5):  Value = 1.264
29-Oct-22 12:44:26 - -> Column 18 (variable s6):  Value = 0.0
29-Oct-22 12:44:26 - -> Column 19 (variable s7):  Value = 0.0
29-Oct-22 12:44:26 - -> Column 20 (variable s8):  Value = 0.0
29-Oct-22 12:44:26 - -> Column 21 (variable s9):  Value = 0.0
29-Oct-22 12:44:26 - -> Column 22 (variable s10):  Value = 0.0
29-Oct-22 12:44:26 - -> Column 23 (variable s11):  Value = 0.0
29-Oct-22 12:44:26 - -> Column 24 (variable s12):  Value = 0.0
29-Oct-22 12:44:26 - -> Column 25 (variable s13):  Value = 0.0
29-Oct-22 12:44:26 - -> Column 26 (variable s14):  Value = 0.0
29-Oct-22 12:44:26 - Elapsed time: 0.000000 
29-Oct-22 12:44:26 - 
					 Resolution of the problem called 'cluster_small': 12 Gomory cuts applied.
29-Oct-22 12:44:26 - 	-> Solution status = optimal
29-Oct-22 12:44:26 - 	-> Solution value  = 74.637363

29-Oct-22 12:44:26 - SLACKS SITUATION:
29-Oct-22 12:44:26 - -> Row 0:  Slack = 1.407
29-Oct-22 12:44:26 - -> Row 1:  Slack = 427.879
29-Oct-22 12:44:26 - -> Row 2:  Slack = 819.132
29-Oct-22 12:44:26 - -> Row 3:  Slack = 322.736
29-Oct-22 12:44:26 - -> Row 4:  Slack = 929.67
29-Oct-22 12:44:26 - -> Row 5:  Slack = 0.0
29-Oct-22 12:44:26 - -> Row 6:  Slack = 73.989
29-Oct-22 12:44:26 - -> Row 7:  Slack = 386.934
29-Oct-22 12:44:26 - -> Row 8:  Slack = 118.813
29-Oct-22 12:44:26 - -> Row 9:  Slack = 589.626
29-Oct-22 12:44:26 - -> Row 10:  Slack = 681.703
29-Oct-22 12:44:26 - -> Row 11:  Slack = 554.967
29-Oct-22 12:44:26 - -> Row 12:  Slack = 704.659
29-Oct-22 12:44:26 - -> Row 13:  Slack = 326.099
29-Oct-22 12:44:26 - -> Row 14:  Slack = 677.571
29-Oct-22 12:44:26 - -> Row 15:  Slack = 0.615
29-Oct-22 12:44:26 - -> Row 16:  Slack = 0.198
29-Oct-22 12:44:26 - -> Row 17:  Slack = 0.538
29-Oct-22 12:44:26 - -> Row 18:  Slack = 0.934
29-Oct-22 12:44:26 - -> Row 19:  Slack = 0.0
29-Oct-22 12:44:26 - -> Row 20:  Slack = 0.538
29-Oct-22 12:44:26 - -> Row 21:  Slack = 0.088
29-Oct-22 12:44:26 - -> Row 22:  Slack = 0.736
29-Oct-22 12:44:26 - -> Row 23:  Slack = 0.857
29-Oct-22 12:44:26 - -> Row 24:  Slack = 0.0
29-Oct-22 12:44:26 - -> Row 25:  Slack = 0.516
29-Oct-22 12:44:26 - -> Row 26:  Slack = 1.516
29-Oct-22 12:44:26 - 
					 PROBLEM VARIABLES:
29-Oct-22 12:44:26 - -> Column 0 (variable x0):  Value = 0.0
29-Oct-22 12:44:26 - -> Column 1 (variable x1):  Value = 0.0
29-Oct-22 12:44:26 - -> Column 2 (variable x2):  Value = 0.0
29-Oct-22 12:44:26 - -> Column 3 (variable x3):  Value = 0.725
29-Oct-22 12:44:26 - -> Column 4 (variable x4):  Value = 0.0
29-Oct-22 12:44:26 - -> Column 5 (variable x5):  Value = 0.0
29-Oct-22 12:44:26 - -> Column 6 (variable x6):  Value = 0.0
29-Oct-22 12:44:26 - -> Column 7 (variable x7):  Value = 0.0
29-Oct-22 12:44:26 - -> Column 8 (variable x8):  Value = 0.791
29-Oct-22 12:44:26 - -> Column 9 (variable x9):  Value = 0.0
29-Oct-22 12:44:26 - -> Column 10 (variable x10):  Value = 0.0
29-Oct-22 12:44:26 - -> Column 11 (variable x11):  Value = 0.0
29-Oct-22 12:44:26 - -> Column 12 (variable s0):  Value = 0.0
29-Oct-22 12:44:26 - -> Column 13 (variable s1):  Value = 0.0
29-Oct-22 12:44:26 - -> Column 14 (variable s2):  Value = 0.0
29-Oct-22 12:44:26 - -> Column 15 (variable s3):  Value = 0.0
29-Oct-22 12:44:26 - -> Column 16 (variable s4):  Value = 0.0
29-Oct-22 12:44:26 - -> Column 17 (variable s5):  Value = 1.264
29-Oct-22 12:44:26 - -> Column 18 (variable s6):  Value = 0.0
29-Oct-22 12:44:26 - -> Column 19 (variable s7):  Value = 0.0
29-Oct-22 12:44:26 - -> Column 20 (variable s8):  Value = 0.0
29-Oct-22 12:44:26 - -> Column 21 (variable s9):  Value = 0.0
29-Oct-22 12:44:26 - -> Column 22 (variable s10):  Value = 0.0
29-Oct-22 12:44:26 - -> Column 23 (variable s11):  Value = 0.0
29-Oct-22 12:44:26 - -> Column 24 (variable s12):  Value = 0.0
29-Oct-22 12:44:26 - -> Column 25 (variable s13):  Value = 0.0
29-Oct-22 12:44:26 - -> Column 26 (variable s14):  Value = 0.0
29-Oct-22 12:44:26 - Elapsed time: 0.015000 
29-Oct-22 12:44:26 - 
					 Resolution of the problem called 'cluster_small': 13 Gomory cuts applied.
29-Oct-22 12:44:26 - 	-> Solution status = optimal
29-Oct-22 12:44:26 - 	-> Solution value  = 74.637363

29-Oct-22 12:44:26 - SLACKS SITUATION:
29-Oct-22 12:44:26 - -> Row 0:  Slack = 1.407
29-Oct-22 12:44:26 - -> Row 1:  Slack = 427.879
29-Oct-22 12:44:26 - -> Row 2:  Slack = 819.132
29-Oct-22 12:44:26 - -> Row 3:  Slack = 322.736
29-Oct-22 12:44:26 - -> Row 4:  Slack = 929.67
29-Oct-22 12:44:26 - -> Row 5:  Slack = 0.0
29-Oct-22 12:44:26 - -> Row 6:  Slack = 73.989
29-Oct-22 12:44:26 - -> Row 7:  Slack = 386.934
29-Oct-22 12:44:26 - -> Row 8:  Slack = 118.813
29-Oct-22 12:44:26 - -> Row 9:  Slack = 589.626
29-Oct-22 12:44:26 - -> Row 10:  Slack = 681.703
29-Oct-22 12:44:26 - -> Row 11:  Slack = 554.967
29-Oct-22 12:44:26 - -> Row 12:  Slack = 704.659
29-Oct-22 12:44:26 - -> Row 13:  Slack = 326.099
29-Oct-22 12:44:26 - -> Row 14:  Slack = 677.571
29-Oct-22 12:44:26 - -> Row 15:  Slack = 0.615
29-Oct-22 12:44:26 - -> Row 16:  Slack = 0.198
29-Oct-22 12:44:26 - -> Row 17:  Slack = 0.538
29-Oct-22 12:44:26 - -> Row 18:  Slack = 0.934
29-Oct-22 12:44:26 - -> Row 19:  Slack = 0.0
29-Oct-22 12:44:26 - -> Row 20:  Slack = 0.538
29-Oct-22 12:44:26 - -> Row 21:  Slack = 0.088
29-Oct-22 12:44:26 - -> Row 22:  Slack = 0.736
29-Oct-22 12:44:26 - -> Row 23:  Slack = 0.857
29-Oct-22 12:44:26 - -> Row 24:  Slack = 0.0
29-Oct-22 12:44:26 - -> Row 25:  Slack = 0.516
29-Oct-22 12:44:26 - -> Row 26:  Slack = 1.516
29-Oct-22 12:44:26 - -> Row 27:  Slack = 1.011
29-Oct-22 12:44:26 - 
					 PROBLEM VARIABLES:
29-Oct-22 12:44:26 - -> Column 0 (variable x0):  Value = 0.0
29-Oct-22 12:44:26 - -> Column 1 (variable x1):  Value = 0.0
29-Oct-22 12:44:26 - -> Column 2 (variable x2):  Value = 0.0
29-Oct-22 12:44:26 - -> Column 3 (variable x3):  Value = 0.725
29-Oct-22 12:44:26 - -> Column 4 (variable x4):  Value = 0.0
29-Oct-22 12:44:26 - -> Column 5 (variable x5):  Value = 0.0
29-Oct-22 12:44:26 - -> Column 6 (variable x6):  Value = 0.0
29-Oct-22 12:44:26 - -> Column 7 (variable x7):  Value = 0.0
29-Oct-22 12:44:26 - -> Column 8 (variable x8):  Value = 0.791
29-Oct-22 12:44:26 - -> Column 9 (variable x9):  Value = 0.0
29-Oct-22 12:44:26 - -> Column 10 (variable x10):  Value = 0.0
29-Oct-22 12:44:26 - -> Column 11 (variable x11):  Value = 0.0
29-Oct-22 12:44:26 - -> Column 12 (variable s0):  Value = 0.0
29-Oct-22 12:44:26 - -> Column 13 (variable s1):  Value = 0.0
29-Oct-22 12:44:26 - -> Column 14 (variable s2):  Value = 0.0
29-Oct-22 12:44:26 - -> Column 15 (variable s3):  Value = 0.0
29-Oct-22 12:44:26 - -> Column 16 (variable s4):  Value = 0.0
29-Oct-22 12:44:26 - -> Column 17 (variable s5):  Value = 1.264
29-Oct-22 12:44:26 - -> Column 18 (variable s6):  Value = 0.0
29-Oct-22 12:44:26 - -> Column 19 (variable s7):  Value = 0.0
29-Oct-22 12:44:26 - -> Column 20 (variable s8):  Value = 0.0
29-Oct-22 12:44:26 - -> Column 21 (variable s9):  Value = 0.0
29-Oct-22 12:44:26 - -> Column 22 (variable s10):  Value = 0.0
29-Oct-22 12:44:26 - -> Column 23 (variable s11):  Value = 0.0
29-Oct-22 12:44:26 - -> Column 24 (variable s12):  Value = 0.0
29-Oct-22 12:44:26 - -> Column 25 (variable s13):  Value = 0.0
29-Oct-22 12:44:26 - -> Column 26 (variable s14):  Value = 0.0
29-Oct-22 12:44:26 - Elapsed time: 0.000000 
29-Oct-22 12:44:26 - 
					 Resolution of the problem called 'cluster_small': 14 Gomory cuts applied.
29-Oct-22 12:44:26 - 	-> Solution status = optimal
29-Oct-22 12:44:26 - 	-> Solution value  = 74.637363

29-Oct-22 12:44:26 - SLACKS SITUATION:
29-Oct-22 12:44:26 - -> Row 0:  Slack = 1.407
29-Oct-22 12:44:26 - -> Row 1:  Slack = 427.879
29-Oct-22 12:44:26 - -> Row 2:  Slack = 819.132
29-Oct-22 12:44:26 - -> Row 3:  Slack = 322.736
29-Oct-22 12:44:26 - -> Row 4:  Slack = 929.67
29-Oct-22 12:44:26 - -> Row 5:  Slack = 0.0
29-Oct-22 12:44:26 - -> Row 6:  Slack = 73.989
29-Oct-22 12:44:26 - -> Row 7:  Slack = 386.934
29-Oct-22 12:44:26 - -> Row 8:  Slack = 118.813
29-Oct-22 12:44:26 - -> Row 9:  Slack = 589.626
29-Oct-22 12:44:26 - -> Row 10:  Slack = 681.703
29-Oct-22 12:44:26 - -> Row 11:  Slack = 554.967
29-Oct-22 12:44:26 - -> Row 12:  Slack = 704.659
29-Oct-22 12:44:26 - -> Row 13:  Slack = 326.099
29-Oct-22 12:44:26 - -> Row 14:  Slack = 677.571
29-Oct-22 12:44:26 - -> Row 15:  Slack = 0.615
29-Oct-22 12:44:26 - -> Row 16:  Slack = 0.198
29-Oct-22 12:44:26 - -> Row 17:  Slack = 0.538
29-Oct-22 12:44:26 - -> Row 18:  Slack = 0.934
29-Oct-22 12:44:26 - -> Row 19:  Slack = 0.0
29-Oct-22 12:44:26 - -> Row 20:  Slack = 0.538
29-Oct-22 12:44:26 - -> Row 21:  Slack = 0.088
29-Oct-22 12:44:26 - -> Row 22:  Slack = 0.736
29-Oct-22 12:44:26 - -> Row 23:  Slack = 0.857
29-Oct-22 12:44:26 - -> Row 24:  Slack = 0.0
29-Oct-22 12:44:26 - -> Row 25:  Slack = 0.516
29-Oct-22 12:44:26 - -> Row 26:  Slack = 1.516
29-Oct-22 12:44:26 - -> Row 27:  Slack = 1.011
29-Oct-22 12:44:26 - -> Row 28:  Slack = 0.791
29-Oct-22 12:44:26 - 
					 PROBLEM VARIABLES:
29-Oct-22 12:44:26 - -> Column 0 (variable x0):  Value = 0.0
29-Oct-22 12:44:26 - -> Column 1 (variable x1):  Value = 0.0
29-Oct-22 12:44:26 - -> Column 2 (variable x2):  Value = 0.0
29-Oct-22 12:44:26 - -> Column 3 (variable x3):  Value = 0.725
29-Oct-22 12:44:26 - -> Column 4 (variable x4):  Value = 0.0
29-Oct-22 12:44:26 - -> Column 5 (variable x5):  Value = 0.0
29-Oct-22 12:44:26 - -> Column 6 (variable x6):  Value = 0.0
29-Oct-22 12:44:26 - -> Column 7 (variable x7):  Value = 0.0
29-Oct-22 12:44:26 - -> Column 8 (variable x8):  Value = 0.791
29-Oct-22 12:44:26 - -> Column 9 (variable x9):  Value = 0.0
29-Oct-22 12:44:26 - -> Column 10 (variable x10):  Value = 0.0
29-Oct-22 12:44:26 - -> Column 11 (variable x11):  Value = 0.0
29-Oct-22 12:44:26 - -> Column 12 (variable s0):  Value = 0.0
29-Oct-22 12:44:26 - -> Column 13 (variable s1):  Value = 0.0
29-Oct-22 12:44:26 - -> Column 14 (variable s2):  Value = 0.0
29-Oct-22 12:44:26 - -> Column 15 (variable s3):  Value = 0.0
29-Oct-22 12:44:26 - -> Column 16 (variable s4):  Value = 0.0
29-Oct-22 12:44:26 - -> Column 17 (variable s5):  Value = 1.264
29-Oct-22 12:44:26 - -> Column 18 (variable s6):  Value = 0.0
29-Oct-22 12:44:26 - -> Column 19 (variable s7):  Value = 0.0
29-Oct-22 12:44:26 - -> Column 20 (variable s8):  Value = 0.0
29-Oct-22 12:44:26 - -> Column 21 (variable s9):  Value = 0.0
29-Oct-22 12:44:26 - -> Column 22 (variable s10):  Value = 0.0
29-Oct-22 12:44:26 - -> Column 23 (variable s11):  Value = 0.0
29-Oct-22 12:44:26 - -> Column 24 (variable s12):  Value = 0.0
29-Oct-22 12:44:26 - -> Column 25 (variable s13):  Value = 0.0
29-Oct-22 12:44:26 - -> Column 26 (variable s14):  Value = 0.0
29-Oct-22 12:44:26 - Elapsed time: 0.000000 
29-Oct-22 12:44:26 - 
					 Resolution of the problem called 'cluster_small': 15 Gomory cuts applied.
29-Oct-22 12:44:26 - 	-> Solution status = optimal
29-Oct-22 12:44:26 - 	-> Solution value  = 74.536585

29-Oct-22 12:44:26 - SLACKS SITUATION:
29-Oct-22 12:44:26 - -> Row 0:  Slack = 1.366
29-Oct-22 12:44:26 - -> Row 1:  Slack = 428.171
29-Oct-22 12:44:26 - -> Row 2:  Slack = 819.488
29-Oct-22 12:44:26 - -> Row 3:  Slack = 323.195
29-Oct-22 12:44:26 - -> Row 4:  Slack = 930.341
29-Oct-22 12:44:26 - -> Row 5:  Slack = 0.0
29-Oct-22 12:44:26 - -> Row 6:  Slack = 74.707
29-Oct-22 12:44:26 - -> Row 7:  Slack = 387.732
29-Oct-22 12:44:26 - -> Row 8:  Slack = 119.317
29-Oct-22 12:44:26 - -> Row 9:  Slack = 589.463
29-Oct-22 12:44:26 - -> Row 10:  Slack = 681.585
29-Oct-22 12:44:26 - -> Row 11:  Slack = 554.976
29-Oct-22 12:44:26 - -> Row 12:  Slack = 705.073
29-Oct-22 12:44:26 - -> Row 13:  Slack = 326.463
29-Oct-22 12:44:26 - -> Row 14:  Slack = 677.098
29-Oct-22 12:44:26 - -> Row 15:  Slack = 0.585
29-Oct-22 12:44:26 - -> Row 16:  Slack = 0.732
29-Oct-22 12:44:26 - -> Row 17:  Slack = 1.049
29-Oct-22 12:44:26 - -> Row 18:  Slack = 1.341
29-Oct-22 12:44:26 - -> Row 19:  Slack = 0.195
29-Oct-22 12:44:26 - -> Row 20:  Slack = 1.439
29-Oct-22 12:44:26 - -> Row 21:  Slack = 0.195
29-Oct-22 12:44:26 - -> Row 22:  Slack = 0.805
29-Oct-22 12:44:26 - -> Row 23:  Slack = 1.22
29-Oct-22 12:44:26 - -> Row 24:  Slack = 0.0
29-Oct-22 12:44:26 - -> Row 25:  Slack = 0.512
29-Oct-22 12:44:26 - -> Row 26:  Slack = 2.293
29-Oct-22 12:44:26 - -> Row 27:  Slack = 1.463
29-Oct-22 12:44:26 - -> Row 28:  Slack = 1.171
29-Oct-22 12:44:26 - -> Row 29:  Slack = 0.0
29-Oct-22 12:44:26 - 
					 PROBLEM VARIABLES:
29-Oct-22 12:44:26 - -> Column 0 (variable x0):  Value = 0.0
29-Oct-22 12:44:26 - -> Column 1 (variable x1):  Value = 0.0
29-Oct-22 12:44:26 - -> Column 2 (variable x2):  Value = 0.0
29-Oct-22 12:44:26 - -> Column 3 (variable x3):  Value = 0.732
29-Oct-22 12:44:26 - -> Column 4 (variable x4):  Value = 0.0
29-Oct-22 12:44:26 - -> Column 5 (variable x5):  Value = 0.0
29-Oct-22 12:44:26 - -> Column 6 (variable x6):  Value = 0.0
29-Oct-22 12:44:26 - -> Column 7 (variable x7):  Value = 0.0
29-Oct-22 12:44:26 - -> Column 8 (variable x8):  Value = 0.78
29-Oct-22 12:44:26 - -> Column 9 (variable x9):  Value = 0.0
29-Oct-22 12:44:26 - -> Column 10 (variable x10):  Value = 0.0
29-Oct-22 12:44:26 - -> Column 11 (variable x11):  Value = 0.0
29-Oct-22 12:44:26 - -> Column 12 (variable s0):  Value = 0.0
29-Oct-22 12:44:26 - -> Column 13 (variable s1):  Value = 0.0
29-Oct-22 12:44:26 - -> Column 14 (variable s2):  Value = 0.0
29-Oct-22 12:44:26 - -> Column 15 (variable s3):  Value = 0.0
29-Oct-22 12:44:26 - -> Column 16 (variable s4):  Value = 0.0
29-Oct-22 12:44:26 - -> Column 17 (variable s5):  Value = 2.171
29-Oct-22 12:44:26 - -> Column 18 (variable s6):  Value = 0.0
29-Oct-22 12:44:26 - -> Column 19 (variable s7):  Value = 0.0
29-Oct-22 12:44:26 - -> Column 20 (variable s8):  Value = 0.0
29-Oct-22 12:44:26 - -> Column 21 (variable s9):  Value = 0.0
29-Oct-22 12:44:26 - -> Column 22 (variable s10):  Value = 0.0
29-Oct-22 12:44:26 - -> Column 23 (variable s11):  Value = 0.0
29-Oct-22 12:44:26 - -> Column 24 (variable s12):  Value = 0.0
29-Oct-22 12:44:26 - -> Column 25 (variable s13):  Value = 0.0
29-Oct-22 12:44:26 - -> Column 26 (variable s14):  Value = 0.0
29-Oct-22 12:44:26 - Elapsed time: 0.016000 
29-Oct-22 12:44:26 - 
---------------------------------------------------
29-Oct-22 12:44:26 - Solving problem instance named inst_11.txt;

29-Oct-22 12:44:26 - This instance has 3 variables and 3 constraints
29-Oct-22 12:44:26 - ...Checking input coherency
29-Oct-22 12:44:26 - ... Done.
29-Oct-22 12:44:26 - This instance has 3 variables and 3 constraints
29-Oct-22 12:44:26 - 
						*** OPTIMAL PLI SOLUTION ***
29-Oct-22 12:44:26 - 	-> Solution status = MIP_optimal
29-Oct-22 12:44:26 - 	-> Solution value  = 143.000000

29-Oct-22 12:44:26 - SLACKS SITUATION:
29-Oct-22 12:44:26 - -> Row 0:  Slack = 82.0
29-Oct-22 12:44:26 - -> Row 1:  Slack = 80.0
29-Oct-22 12:44:26 - -> Row 2:  Slack = 117.0
29-Oct-22 12:44:26 - 
					 PROBLEM VARIABLES:
29-Oct-22 12:44:26 - -> Column 0 (variable x0):  Value = 1.0
29-Oct-22 12:44:26 - -> Column 1 (variable x1):  Value = 1.0
29-Oct-22 12:44:26 - -> Column 2 (variable x2):  Value = 1.0
29-Oct-22 12:44:26 - 
						*** RELAXED PL SOLUTION (UPPER BOUND) ***
29-Oct-22 12:44:26 - 	-> Solution status = optimal
29-Oct-22 12:44:26 - 	-> Solution value  = 143.000000

29-Oct-22 12:44:26 - SLACKS SITUATION:
29-Oct-22 12:44:26 - -> Row 0:  Slack = 82.0
29-Oct-22 12:44:26 - -> Row 1:  Slack = 80.0
29-Oct-22 12:44:26 - -> Row 2:  Slack = 117.0
29-Oct-22 12:44:26 - 
					 PROBLEM VARIABLES:
29-Oct-22 12:44:26 - -> Column 0 (variable x0):  Value = 1.0
29-Oct-22 12:44:26 - -> Column 1 (variable x1):  Value = 1.0
29-Oct-22 12:44:26 - -> Column 2 (variable x2):  Value = 1.0
29-Oct-22 12:44:26 - -> Column 3 (variable s0):  Value = 0.0
29-Oct-22 12:44:26 - -> Column 4 (variable s1):  Value = 0.0
29-Oct-22 12:44:26 - -> Column 5 (variable s2):  Value = 0.0
29-Oct-22 12:44:26 - Elapsed time: 0.000000 
29-Oct-22 12:44:26 - 
					 LP relaxation final tableau:

29-Oct-22 12:44:26 - +40/1 x0 +87/1 x1 +75/1 x2 +s0 = 284/1

29-Oct-22 12:44:26 - +21/1 x0 +47/1 x1 +98/1 x2 +s1 = 246/1

29-Oct-22 12:44:26 - +75/1 x0 +86/1 x1 +14/1 x2 +s2 = 292/1

29-Oct-22 12:44:26 - Cuts to generate: 0
29-Oct-22 12:44:26 - Generating Gomory cuts...

29-Oct-22 12:44:26 - *** GOMORY CUTS ***

29-Oct-22 12:44:26 - 
---------------------------------------------------
29-Oct-22 12:44:26 - Solving problem instance named inst_12.txt;

29-Oct-22 12:44:26 - This instance has 3 variables and 4 constraints
29-Oct-22 12:44:26 - ...Checking input coherency
29-Oct-22 12:44:26 - ... Done.
29-Oct-22 12:44:26 - This instance has 3 variables and 4 constraints
29-Oct-22 12:44:26 - 
						*** OPTIMAL PLI SOLUTION ***
29-Oct-22 12:44:26 - 	-> Solution status = MIP_optimal
29-Oct-22 12:44:26 - 	-> Solution value  = 0.000000

29-Oct-22 12:44:26 - SLACKS SITUATION:
29-Oct-22 12:44:26 - -> Row 0:  Slack = 86.0
29-Oct-22 12:44:26 - -> Row 1:  Slack = 220.0
29-Oct-22 12:44:26 - -> Row 2:  Slack = 1.0
29-Oct-22 12:44:26 - -> Row 3:  Slack = 108.0
29-Oct-22 12:44:26 - 
					 PROBLEM VARIABLES:
29-Oct-22 12:44:26 - -> Column 0 (variable x0):  Value = 0.0
29-Oct-22 12:44:26 - -> Column 1 (variable x1):  Value = 0.0
29-Oct-22 12:44:26 - -> Column 2 (variable x2):  Value = 0.0
29-Oct-22 12:44:26 - 
						*** RELAXED PL SOLUTION (UPPER BOUND) ***
29-Oct-22 12:44:26 - 	-> Solution status = optimal
29-Oct-22 12:44:26 - 	-> Solution value  = 2.363636

29-Oct-22 12:44:26 - SLACKS SITUATION:
29-Oct-22 12:44:26 - -> Row 0:  Slack = 83.0
29-Oct-22 12:44:26 - -> Row 1:  Slack = 211.636
29-Oct-22 12:44:26 - -> Row 2:  Slack = 0.0
29-Oct-22 12:44:26 - -> Row 3:  Slack = 103.727
29-Oct-22 12:44:26 - 
					 PROBLEM VARIABLES:
29-Oct-22 12:44:26 - -> Column 0 (variable x0):  Value = 0.0
29-Oct-22 12:44:26 - -> Column 1 (variable x1):  Value = 0.0
29-Oct-22 12:44:26 - -> Column 2 (variable x2):  Value = 0.091
29-Oct-22 12:44:26 - -> Column 3 (variable s0):  Value = 0.0
29-Oct-22 12:44:26 - -> Column 4 (variable s1):  Value = 0.0
29-Oct-22 12:44:26 - -> Column 5 (variable s2):  Value = 0.0
29-Oct-22 12:44:26 - -> Column 6 (variable s3):  Value = 0.0
29-Oct-22 12:44:26 - Elapsed time: 0.000000 
29-Oct-22 12:44:26 - 
					 LP relaxation final tableau:

29-Oct-22 12:44:26 - -206/1 x0 -244/1 x1 +s0 -3/1 s2 = 83/1

29-Oct-22 12:44:26 - -7263/11 x0 -7618/11 x1 +s1 -92/11 s2 = 2328/11

29-Oct-22 12:44:26 - +86/11 x0 +84/11 x1 +x2 +1/11 s2 = 1/11

29-Oct-22 12:44:26 - -3316/11 x0 -3904/11 x1 -47/11 s2 +s3 = 1141/11

29-Oct-22 12:44:26 - Cuts to generate: 3
29-Oct-22 12:44:26 - Generating Gomory cuts...

